2017-07-25 11:17:45  Message [Extension loading error]
					 Exception [org.eclipse.birt.report.model.metadata.MetaDataException: Message:Duplicate style names when adding the predefined style [chart] to the meta-data dictionary. Error code:DUPLICATE_STYLE_NAME 
	at org.eclipse.birt.report.model.metadata.MetaDataDictionary.addPredefinedStyle(MetaDataDictionary.java:652)
	at org.eclipse.birt.report.model.metadata.PeerExtensionLoader$PeerExtensionElementLoader.loadElement(PeerExtensionLoader.java:288)
	at org.eclipse.birt.report.model.metadata.PeerExtensionLoader.loadExtension(PeerExtensionLoader.java:113)
	at org.eclipse.birt.report.model.metadata.ExtensionLoader.doLoad(ExtensionLoader.java:150)
	at org.eclipse.birt.report.model.metadata.PeerExtensionLoader.doLoad(PeerExtensionLoader.java:65)
	at org.eclipse.birt.report.model.metadata.ExtensionLoader.load(ExtensionLoader.java:71)
	at org.eclipse.birt.report.model.metadata.ExtensionManagerImpl.initialize(ExtensionManagerImpl.java:100)
	at org.eclipse.birt.report.model.metadata.MetaDataDictionary.initialize(MetaDataDictionary.java:573)
	at org.eclipse.birt.report.model.api.impl.DesignEngineImpl.ensureInitialized(DesignEngineImpl.java:96)
	at org.eclipse.birt.report.model.api.impl.DesignEngineImpl.<init>(DesignEngineImpl.java:63)
	at org.eclipse.birt.report.model.api.impl.DesignEngineFactory.createDesignEngine(DesignEngineFactory.java:34)
	at org.eclipse.birt.report.model.api.DesignEngine.<init>(DesignEngine.java:98)
	at org.formation.Main.buildReport(Main.java:45)
	at org.formation.Main.main(Main.java:26)
]
2017-07-25 11:17:45  Message [Extension loading error]
					 Exception [org.eclipse.birt.report.model.metadata.MetaDataException: Message:Duplicate extension name when adding the extension [Chart] to the meta-data dictionary. Error code:DUPLICATE_EXTENSION_NAME 
	at org.eclipse.birt.report.model.metadata.ExtensionManagerImpl.addExtension(ExtensionManagerImpl.java:171)
	at org.eclipse.birt.report.model.metadata.MetaDataDictionary.addExtension(MetaDataDictionary.java:910)
	at org.eclipse.birt.report.model.metadata.PeerExtensionLoader$PeerExtensionElementLoader.loadElement(PeerExtensionLoader.java:318)
	at org.eclipse.birt.report.model.metadata.PeerExtensionLoader.loadExtension(PeerExtensionLoader.java:113)
	at org.eclipse.birt.report.model.metadata.ExtensionLoader.doLoad(ExtensionLoader.java:150)
	at org.eclipse.birt.report.model.metadata.PeerExtensionLoader.doLoad(PeerExtensionLoader.java:65)
	at org.eclipse.birt.report.model.metadata.ExtensionLoader.load(ExtensionLoader.java:71)
	at org.eclipse.birt.report.model.metadata.ExtensionManagerImpl.initialize(ExtensionManagerImpl.java:100)
	at org.eclipse.birt.report.model.metadata.MetaDataDictionary.initialize(MetaDataDictionary.java:573)
	at org.eclipse.birt.report.model.api.impl.DesignEngineImpl.ensureInitialized(DesignEngineImpl.java:96)
	at org.eclipse.birt.report.model.api.impl.DesignEngineImpl.<init>(DesignEngineImpl.java:63)
	at org.eclipse.birt.report.model.api.impl.DesignEngineFactory.createDesignEngine(DesignEngineFactory.java:34)
	at org.eclipse.birt.report.model.api.DesignEngine.<init>(DesignEngine.java:98)
	at org.formation.Main.buildReport(Main.java:45)
	at org.formation.Main.main(Main.java:26)
]
2017-07-25 11:17:45  Message [Extension loading error]
					 Exception [org.eclipse.birt.report.model.metadata.MetaDataException: Message:Duplicate style names when adding the predefined style [crosstab] to the meta-data dictionary. Error code:DUPLICATE_STYLE_NAME 
	at org.eclipse.birt.report.model.metadata.MetaDataDictionary.addPredefinedStyle(MetaDataDictionary.java:652)
	at org.eclipse.birt.report.model.metadata.PeerExtensionLoader$PeerExtensionElementLoader.loadElement(PeerExtensionLoader.java:288)
	at org.eclipse.birt.report.model.metadata.PeerExtensionLoader.loadExtension(PeerExtensionLoader.java:113)
	at org.eclipse.birt.report.model.metadata.ExtensionLoader.doLoad(ExtensionLoader.java:150)
	at org.eclipse.birt.report.model.metadata.PeerExtensionLoader.doLoad(PeerExtensionLoader.java:65)
	at org.eclipse.birt.report.model.metadata.ExtensionLoader.load(ExtensionLoader.java:71)
	at org.eclipse.birt.report.model.metadata.ExtensionManagerImpl.initialize(ExtensionManagerImpl.java:100)
	at org.eclipse.birt.report.model.metadata.MetaDataDictionary.initialize(MetaDataDictionary.java:573)
	at org.eclipse.birt.report.model.api.impl.DesignEngineImpl.ensureInitialized(DesignEngineImpl.java:96)
	at org.eclipse.birt.report.model.api.impl.DesignEngineImpl.<init>(DesignEngineImpl.java:63)
	at org.eclipse.birt.report.model.api.impl.DesignEngineFactory.createDesignEngine(DesignEngineFactory.java:34)
	at org.eclipse.birt.report.model.api.DesignEngine.<init>(DesignEngine.java:98)
	at org.formation.Main.buildReport(Main.java:45)
	at org.formation.Main.main(Main.java:26)
]
2017-07-25 11:17:45  Message [Extension loading error]
					 Exception [org.eclipse.birt.report.model.metadata.MetaDataException: Message:Duplicate style names when adding the predefined style [crosstab-header] to the meta-data dictionary. Error code:DUPLICATE_STYLE_NAME 
	at org.eclipse.birt.report.model.metadata.MetaDataDictionary.addPredefinedStyle(MetaDataDictionary.java:652)
	at org.eclipse.birt.report.model.metadata.PeerExtensionLoader$PeerExtensionElementLoader.loadElement(PeerExtensionLoader.java:288)
	at org.eclipse.birt.report.model.metadata.PeerExtensionLoader.loadExtension(PeerExtensionLoader.java:113)
	at org.eclipse.birt.report.model.metadata.ExtensionLoader.doLoad(ExtensionLoader.java:150)
	at org.eclipse.birt.report.model.metadata.PeerExtensionLoader.doLoad(PeerExtensionLoader.java:65)
	at org.eclipse.birt.report.model.metadata.ExtensionLoader.load(ExtensionLoader.java:71)
	at org.eclipse.birt.report.model.metadata.ExtensionManagerImpl.initialize(ExtensionManagerImpl.java:100)
	at org.eclipse.birt.report.model.metadata.MetaDataDictionary.initialize(MetaDataDictionary.java:573)
	at org.eclipse.birt.report.model.api.impl.DesignEngineImpl.ensureInitialized(DesignEngineImpl.java:96)
	at org.eclipse.birt.report.model.api.impl.DesignEngineImpl.<init>(DesignEngineImpl.java:63)
	at org.eclipse.birt.report.model.api.impl.DesignEngineFactory.createDesignEngine(DesignEngineFactory.java:34)
	at org.eclipse.birt.report.model.api.DesignEngine.<init>(DesignEngine.java:98)
	at org.formation.Main.buildReport(Main.java:45)
	at org.formation.Main.main(Main.java:26)
]
2017-07-25 11:17:45  Message [Extension loading error]
					 Exception [org.eclipse.birt.report.model.metadata.MetaDataException: Message:Duplicate style names when adding the predefined style [crosstab-detail] to the meta-data dictionary. Error code:DUPLICATE_STYLE_NAME 
	at org.eclipse.birt.report.model.metadata.MetaDataDictionary.addPredefinedStyle(MetaDataDictionary.java:652)
	at org.eclipse.birt.report.model.metadata.PeerExtensionLoader$PeerExtensionElementLoader.loadElement(PeerExtensionLoader.java:288)
	at org.eclipse.birt.report.model.metadata.PeerExtensionLoader.loadExtension(PeerExtensionLoader.java:113)
	at org.eclipse.birt.report.model.metadata.ExtensionLoader.doLoad(ExtensionLoader.java:150)
	at org.eclipse.birt.report.model.metadata.PeerExtensionLoader.doLoad(PeerExtensionLoader.java:65)
	at org.eclipse.birt.report.model.metadata.ExtensionLoader.load(ExtensionLoader.java:71)
	at org.eclipse.birt.report.model.metadata.ExtensionManagerImpl.initialize(ExtensionManagerImpl.java:100)
	at org.eclipse.birt.report.model.metadata.MetaDataDictionary.initialize(MetaDataDictionary.java:573)
	at org.eclipse.birt.report.model.api.impl.DesignEngineImpl.ensureInitialized(DesignEngineImpl.java:96)
	at org.eclipse.birt.report.model.api.impl.DesignEngineImpl.<init>(DesignEngineImpl.java:63)
	at org.eclipse.birt.report.model.api.impl.DesignEngineFactory.createDesignEngine(DesignEngineFactory.java:34)
	at org.eclipse.birt.report.model.api.DesignEngine.<init>(DesignEngine.java:98)
	at org.formation.Main.buildReport(Main.java:45)
	at org.formation.Main.main(Main.java:26)
]
2017-07-25 11:17:45  Message [Extension loading error]
					 Exception [org.eclipse.birt.report.model.metadata.MetaDataException: Message:Duplicate style names when adding the predefined style [crosstab-row-header] to the meta-data dictionary. Error code:DUPLICATE_STYLE_NAME 
	at org.eclipse.birt.report.model.metadata.MetaDataDictionary.addPredefinedStyle(MetaDataDictionary.java:652)
	at org.eclipse.birt.report.model.metadata.PeerExtensionLoader$PeerExtensionElementLoader.loadElement(PeerExtensionLoader.java:288)
	at org.eclipse.birt.report.model.metadata.PeerExtensionLoader.loadExtension(PeerExtensionLoader.java:113)
	at org.eclipse.birt.report.model.metadata.ExtensionLoader.doLoad(ExtensionLoader.java:150)
	at org.eclipse.birt.report.model.metadata.PeerExtensionLoader.doLoad(PeerExtensionLoader.java:65)
	at org.eclipse.birt.report.model.metadata.ExtensionLoader.load(ExtensionLoader.java:71)
	at org.eclipse.birt.report.model.metadata.ExtensionManagerImpl.initialize(ExtensionManagerImpl.java:100)
	at org.eclipse.birt.report.model.metadata.MetaDataDictionary.initialize(MetaDataDictionary.java:573)
	at org.eclipse.birt.report.model.api.impl.DesignEngineImpl.ensureInitialized(DesignEngineImpl.java:96)
	at org.eclipse.birt.report.model.api.impl.DesignEngineImpl.<init>(DesignEngineImpl.java:63)
	at org.eclipse.birt.report.model.api.impl.DesignEngineFactory.createDesignEngine(DesignEngineFactory.java:34)
	at org.eclipse.birt.report.model.api.DesignEngine.<init>(DesignEngine.java:98)
	at org.formation.Main.buildReport(Main.java:45)
	at org.formation.Main.main(Main.java:26)
]
2017-07-25 11:17:45  Message [Extension loading error]
					 Exception [org.eclipse.birt.report.model.metadata.MetaDataException: Message:Duplicate style names when adding the predefined style [crosstab-column-header] to the meta-data dictionary. Error code:DUPLICATE_STYLE_NAME 
	at org.eclipse.birt.report.model.metadata.MetaDataDictionary.addPredefinedStyle(MetaDataDictionary.java:652)
	at org.eclipse.birt.report.model.metadata.PeerExtensionLoader$PeerExtensionElementLoader.loadElement(PeerExtensionLoader.java:288)
	at org.eclipse.birt.report.model.metadata.PeerExtensionLoader.loadExtension(PeerExtensionLoader.java:113)
	at org.eclipse.birt.report.model.metadata.ExtensionLoader.doLoad(ExtensionLoader.java:150)
	at org.eclipse.birt.report.model.metadata.PeerExtensionLoader.doLoad(PeerExtensionLoader.java:65)
	at org.eclipse.birt.report.model.metadata.ExtensionLoader.load(ExtensionLoader.java:71)
	at org.eclipse.birt.report.model.metadata.ExtensionManagerImpl.initialize(ExtensionManagerImpl.java:100)
	at org.eclipse.birt.report.model.metadata.MetaDataDictionary.initialize(MetaDataDictionary.java:573)
	at org.eclipse.birt.report.model.api.impl.DesignEngineImpl.ensureInitialized(DesignEngineImpl.java:96)
	at org.eclipse.birt.report.model.api.impl.DesignEngineImpl.<init>(DesignEngineImpl.java:63)
	at org.eclipse.birt.report.model.api.impl.DesignEngineFactory.createDesignEngine(DesignEngineFactory.java:34)
	at org.eclipse.birt.report.model.api.DesignEngine.<init>(DesignEngine.java:98)
	at org.formation.Main.buildReport(Main.java:45)
	at org.formation.Main.main(Main.java:26)
]
2017-07-25 11:17:45  Message [Extension loading error]
					 Exception [org.eclipse.birt.report.model.metadata.MetaDataException: Message:Duplicate style names when adding the predefined style [crosstab-row-grand-total] to the meta-data dictionary. Error code:DUPLICATE_STYLE_NAME 
	at org.eclipse.birt.report.model.metadata.MetaDataDictionary.addPredefinedStyle(MetaDataDictionary.java:652)
	at org.eclipse.birt.report.model.metadata.PeerExtensionLoader$PeerExtensionElementLoader.loadElement(PeerExtensionLoader.java:288)
	at org.eclipse.birt.report.model.metadata.PeerExtensionLoader.loadExtension(PeerExtensionLoader.java:113)
	at org.eclipse.birt.report.model.metadata.ExtensionLoader.doLoad(ExtensionLoader.java:150)
	at org.eclipse.birt.report.model.metadata.PeerExtensionLoader.doLoad(PeerExtensionLoader.java:65)
	at org.eclipse.birt.report.model.metadata.ExtensionLoader.load(ExtensionLoader.java:71)
	at org.eclipse.birt.report.model.metadata.ExtensionManagerImpl.initialize(ExtensionManagerImpl.java:100)
	at org.eclipse.birt.report.model.metadata.MetaDataDictionary.initialize(MetaDataDictionary.java:573)
	at org.eclipse.birt.report.model.api.impl.DesignEngineImpl.ensureInitialized(DesignEngineImpl.java:96)
	at org.eclipse.birt.report.model.api.impl.DesignEngineImpl.<init>(DesignEngineImpl.java:63)
	at org.eclipse.birt.report.model.api.impl.DesignEngineFactory.createDesignEngine(DesignEngineFactory.java:34)
	at org.eclipse.birt.report.model.api.DesignEngine.<init>(DesignEngine.java:98)
	at org.formation.Main.buildReport(Main.java:45)
	at org.formation.Main.main(Main.java:26)
]
2017-07-25 11:17:45  Message [Extension loading error]
					 Exception [org.eclipse.birt.report.model.metadata.MetaDataException: Message:Duplicate style names when adding the predefined style [crosstab-column-grand-total] to the meta-data dictionary. Error code:DUPLICATE_STYLE_NAME 
	at org.eclipse.birt.report.model.metadata.MetaDataDictionary.addPredefinedStyle(MetaDataDictionary.java:652)
	at org.eclipse.birt.report.model.metadata.PeerExtensionLoader$PeerExtensionElementLoader.loadElement(PeerExtensionLoader.java:288)
	at org.eclipse.birt.report.model.metadata.PeerExtensionLoader.loadExtension(PeerExtensionLoader.java:113)
	at org.eclipse.birt.report.model.metadata.ExtensionLoader.doLoad(ExtensionLoader.java:150)
	at org.eclipse.birt.report.model.metadata.PeerExtensionLoader.doLoad(PeerExtensionLoader.java:65)
	at org.eclipse.birt.report.model.metadata.ExtensionLoader.load(ExtensionLoader.java:71)
	at org.eclipse.birt.report.model.metadata.ExtensionManagerImpl.initialize(ExtensionManagerImpl.java:100)
	at org.eclipse.birt.report.model.metadata.MetaDataDictionary.initialize(MetaDataDictionary.java:573)
	at org.eclipse.birt.report.model.api.impl.DesignEngineImpl.ensureInitialized(DesignEngineImpl.java:96)
	at org.eclipse.birt.report.model.api.impl.DesignEngineImpl.<init>(DesignEngineImpl.java:63)
	at org.eclipse.birt.report.model.api.impl.DesignEngineFactory.createDesignEngine(DesignEngineFactory.java:34)
	at org.eclipse.birt.report.model.api.DesignEngine.<init>(DesignEngine.java:98)
	at org.formation.Main.buildReport(Main.java:45)
	at org.formation.Main.main(Main.java:26)
]
2017-07-25 11:17:45  Message [Extension loading error]
					 Exception [org.eclipse.birt.report.model.metadata.MetaDataException: Message:Duplicate style names when adding the predefined style [crosstab-row-sub-total] to the meta-data dictionary. Error code:DUPLICATE_STYLE_NAME 
	at org.eclipse.birt.report.model.metadata.MetaDataDictionary.addPredefinedStyle(MetaDataDictionary.java:652)
	at org.eclipse.birt.report.model.metadata.PeerExtensionLoader$PeerExtensionElementLoader.loadElement(PeerExtensionLoader.java:288)
	at org.eclipse.birt.report.model.metadata.PeerExtensionLoader.loadExtension(PeerExtensionLoader.java:113)
	at org.eclipse.birt.report.model.metadata.ExtensionLoader.doLoad(ExtensionLoader.java:150)
	at org.eclipse.birt.report.model.metadata.PeerExtensionLoader.doLoad(PeerExtensionLoader.java:65)
	at org.eclipse.birt.report.model.metadata.ExtensionLoader.load(ExtensionLoader.java:71)
	at org.eclipse.birt.report.model.metadata.ExtensionManagerImpl.initialize(ExtensionManagerImpl.java:100)
	at org.eclipse.birt.report.model.metadata.MetaDataDictionary.initialize(MetaDataDictionary.java:573)
	at org.eclipse.birt.report.model.api.impl.DesignEngineImpl.ensureInitialized(DesignEngineImpl.java:96)
	at org.eclipse.birt.report.model.api.impl.DesignEngineImpl.<init>(DesignEngineImpl.java:63)
	at org.eclipse.birt.report.model.api.impl.DesignEngineFactory.createDesignEngine(DesignEngineFactory.java:34)
	at org.eclipse.birt.report.model.api.DesignEngine.<init>(DesignEngine.java:98)
	at org.formation.Main.buildReport(Main.java:45)
	at org.formation.Main.main(Main.java:26)
]
2017-07-25 11:17:45  Message [Extension loading error]
					 Exception [org.eclipse.birt.report.model.metadata.MetaDataException: Message:Duplicate style names when adding the predefined style [crosstab-column-sub-total] to the meta-data dictionary. Error code:DUPLICATE_STYLE_NAME 
	at org.eclipse.birt.report.model.metadata.MetaDataDictionary.addPredefinedStyle(MetaDataDictionary.java:652)
	at org.eclipse.birt.report.model.metadata.PeerExtensionLoader$PeerExtensionElementLoader.loadElement(PeerExtensionLoader.java:288)
	at org.eclipse.birt.report.model.metadata.PeerExtensionLoader.loadExtension(PeerExtensionLoader.java:113)
	at org.eclipse.birt.report.model.metadata.ExtensionLoader.doLoad(ExtensionLoader.java:150)
	at org.eclipse.birt.report.model.metadata.PeerExtensionLoader.doLoad(PeerExtensionLoader.java:65)
	at org.eclipse.birt.report.model.metadata.ExtensionLoader.load(ExtensionLoader.java:71)
	at org.eclipse.birt.report.model.metadata.ExtensionManagerImpl.initialize(ExtensionManagerImpl.java:100)
	at org.eclipse.birt.report.model.metadata.MetaDataDictionary.initialize(MetaDataDictionary.java:573)
	at org.eclipse.birt.report.model.api.impl.DesignEngineImpl.ensureInitialized(DesignEngineImpl.java:96)
	at org.eclipse.birt.report.model.api.impl.DesignEngineImpl.<init>(DesignEngineImpl.java:63)
	at org.eclipse.birt.report.model.api.impl.DesignEngineFactory.createDesignEngine(DesignEngineFactory.java:34)
	at org.eclipse.birt.report.model.api.DesignEngine.<init>(DesignEngine.java:98)
	at org.formation.Main.buildReport(Main.java:45)
	at org.formation.Main.main(Main.java:26)
]
2017-07-25 11:17:45  Message [Extension loading error]
					 Exception [org.eclipse.birt.report.model.metadata.MetaDataException: Message:Duplicate style names when adding the predefined style [crosstab-cell] to the meta-data dictionary. Error code:DUPLICATE_STYLE_NAME 
	at org.eclipse.birt.report.model.metadata.MetaDataDictionary.addPredefinedStyle(MetaDataDictionary.java:652)
	at org.eclipse.birt.report.model.metadata.PeerExtensionLoader$PeerExtensionElementLoader.loadElement(PeerExtensionLoader.java:288)
	at org.eclipse.birt.report.model.metadata.PeerExtensionLoader.loadExtension(PeerExtensionLoader.java:113)
	at org.eclipse.birt.report.model.metadata.ExtensionLoader.doLoad(ExtensionLoader.java:150)
	at org.eclipse.birt.report.model.metadata.PeerExtensionLoader.doLoad(PeerExtensionLoader.java:65)
	at org.eclipse.birt.report.model.metadata.ExtensionLoader.load(ExtensionLoader.java:71)
	at org.eclipse.birt.report.model.metadata.ExtensionManagerImpl.initialize(ExtensionManagerImpl.java:100)
	at org.eclipse.birt.report.model.metadata.MetaDataDictionary.initialize(MetaDataDictionary.java:573)
	at org.eclipse.birt.report.model.api.impl.DesignEngineImpl.ensureInitialized(DesignEngineImpl.java:96)
	at org.eclipse.birt.report.model.api.impl.DesignEngineImpl.<init>(DesignEngineImpl.java:63)
	at org.eclipse.birt.report.model.api.impl.DesignEngineFactory.createDesignEngine(DesignEngineFactory.java:34)
	at org.eclipse.birt.report.model.api.DesignEngine.<init>(DesignEngine.java:98)
	at org.formation.Main.buildReport(Main.java:45)
	at org.formation.Main.main(Main.java:26)
]
2017-07-25 11:17:45  Message [Extension loading error]
					 Exception [org.eclipse.birt.report.model.metadata.MetaDataException: Message:Duplicate extension name when adding the extension [Crosstab] to the meta-data dictionary. Error code:DUPLICATE_EXTENSION_NAME 
	at org.eclipse.birt.report.model.metadata.ExtensionManagerImpl.addExtension(ExtensionManagerImpl.java:171)
	at org.eclipse.birt.report.model.metadata.MetaDataDictionary.addExtension(MetaDataDictionary.java:910)
	at org.eclipse.birt.report.model.metadata.PeerExtensionLoader$PeerExtensionElementLoader.loadElement(PeerExtensionLoader.java:318)
	at org.eclipse.birt.report.model.metadata.PeerExtensionLoader.loadExtension(PeerExtensionLoader.java:113)
	at org.eclipse.birt.report.model.metadata.ExtensionLoader.doLoad(ExtensionLoader.java:150)
	at org.eclipse.birt.report.model.metadata.PeerExtensionLoader.doLoad(PeerExtensionLoader.java:65)
	at org.eclipse.birt.report.model.metadata.ExtensionLoader.load(ExtensionLoader.java:71)
	at org.eclipse.birt.report.model.metadata.ExtensionManagerImpl.initialize(ExtensionManagerImpl.java:100)
	at org.eclipse.birt.report.model.metadata.MetaDataDictionary.initialize(MetaDataDictionary.java:573)
	at org.eclipse.birt.report.model.api.impl.DesignEngineImpl.ensureInitialized(DesignEngineImpl.java:96)
	at org.eclipse.birt.report.model.api.impl.DesignEngineImpl.<init>(DesignEngineImpl.java:63)
	at org.eclipse.birt.report.model.api.impl.DesignEngineFactory.createDesignEngine(DesignEngineFactory.java:34)
	at org.eclipse.birt.report.model.api.DesignEngine.<init>(DesignEngine.java:98)
	at org.formation.Main.buildReport(Main.java:45)
	at org.formation.Main.main(Main.java:26)
]
2017-07-25 11:17:45  Message [Extension loading error]
					 Exception [org.eclipse.birt.report.model.metadata.MetaDataException: Message:Duplicate extension name when adding the extension [CrosstabView] to the meta-data dictionary. Error code:DUPLICATE_EXTENSION_NAME 
	at org.eclipse.birt.report.model.metadata.ExtensionManagerImpl.addExtension(ExtensionManagerImpl.java:171)
	at org.eclipse.birt.report.model.metadata.MetaDataDictionary.addExtension(MetaDataDictionary.java:910)
	at org.eclipse.birt.report.model.metadata.PeerExtensionLoader$PeerExtensionElementLoader.loadElement(PeerExtensionLoader.java:318)
	at org.eclipse.birt.report.model.metadata.PeerExtensionLoader.loadExtension(PeerExtensionLoader.java:113)
	at org.eclipse.birt.report.model.metadata.ExtensionLoader.doLoad(ExtensionLoader.java:150)
	at org.eclipse.birt.report.model.metadata.PeerExtensionLoader.doLoad(PeerExtensionLoader.java:65)
	at org.eclipse.birt.report.model.metadata.ExtensionLoader.load(ExtensionLoader.java:71)
	at org.eclipse.birt.report.model.metadata.ExtensionManagerImpl.initialize(ExtensionManagerImpl.java:100)
	at org.eclipse.birt.report.model.metadata.MetaDataDictionary.initialize(MetaDataDictionary.java:573)
	at org.eclipse.birt.report.model.api.impl.DesignEngineImpl.ensureInitialized(DesignEngineImpl.java:96)
	at org.eclipse.birt.report.model.api.impl.DesignEngineImpl.<init>(DesignEngineImpl.java:63)
	at org.eclipse.birt.report.model.api.impl.DesignEngineFactory.createDesignEngine(DesignEngineFactory.java:34)
	at org.eclipse.birt.report.model.api.DesignEngine.<init>(DesignEngine.java:98)
	at org.formation.Main.buildReport(Main.java:45)
	at org.formation.Main.main(Main.java:26)
]
2017-07-25 11:17:45  Message [Extension loading error]
					 Exception [org.eclipse.birt.report.model.metadata.MetaDataException: Message:Duplicate extension name when adding the extension [DimensionView] to the meta-data dictionary. Error code:DUPLICATE_EXTENSION_NAME 
	at org.eclipse.birt.report.model.metadata.ExtensionManagerImpl.addExtension(ExtensionManagerImpl.java:171)
	at org.eclipse.birt.report.model.metadata.MetaDataDictionary.addExtension(MetaDataDictionary.java:910)
	at org.eclipse.birt.report.model.metadata.PeerExtensionLoader$PeerExtensionElementLoader.loadElement(PeerExtensionLoader.java:318)
	at org.eclipse.birt.report.model.metadata.PeerExtensionLoader.loadExtension(PeerExtensionLoader.java:113)
	at org.eclipse.birt.report.model.metadata.ExtensionLoader.doLoad(ExtensionLoader.java:150)
	at org.eclipse.birt.report.model.metadata.PeerExtensionLoader.doLoad(PeerExtensionLoader.java:65)
	at org.eclipse.birt.report.model.metadata.ExtensionLoader.load(ExtensionLoader.java:71)
	at org.eclipse.birt.report.model.metadata.ExtensionManagerImpl.initialize(ExtensionManagerImpl.java:100)
	at org.eclipse.birt.report.model.metadata.MetaDataDictionary.initialize(MetaDataDictionary.java:573)
	at org.eclipse.birt.report.model.api.impl.DesignEngineImpl.ensureInitialized(DesignEngineImpl.java:96)
	at org.eclipse.birt.report.model.api.impl.DesignEngineImpl.<init>(DesignEngineImpl.java:63)
	at org.eclipse.birt.report.model.api.impl.DesignEngineFactory.createDesignEngine(DesignEngineFactory.java:34)
	at org.eclipse.birt.report.model.api.DesignEngine.<init>(DesignEngine.java:98)
	at org.formation.Main.buildReport(Main.java:45)
	at org.formation.Main.main(Main.java:26)
]
2017-07-25 11:17:45  Message [Extension loading error]
					 Exception [org.eclipse.birt.report.model.metadata.MetaDataException: Message:Duplicate extension name when adding the extension [LevelView] to the meta-data dictionary. Error code:DUPLICATE_EXTENSION_NAME 
	at org.eclipse.birt.report.model.metadata.ExtensionManagerImpl.addExtension(ExtensionManagerImpl.java:171)
	at org.eclipse.birt.report.model.metadata.MetaDataDictionary.addExtension(MetaDataDictionary.java:910)
	at org.eclipse.birt.report.model.metadata.PeerExtensionLoader$PeerExtensionElementLoader.loadElement(PeerExtensionLoader.java:318)
	at org.eclipse.birt.report.model.metadata.PeerExtensionLoader.loadExtension(PeerExtensionLoader.java:113)
	at org.eclipse.birt.report.model.metadata.ExtensionLoader.doLoad(ExtensionLoader.java:150)
	at org.eclipse.birt.report.model.metadata.PeerExtensionLoader.doLoad(PeerExtensionLoader.java:65)
	at org.eclipse.birt.report.model.metadata.ExtensionLoader.load(ExtensionLoader.java:71)
	at org.eclipse.birt.report.model.metadata.ExtensionManagerImpl.initialize(ExtensionManagerImpl.java:100)
	at org.eclipse.birt.report.model.metadata.MetaDataDictionary.initialize(MetaDataDictionary.java:573)
	at org.eclipse.birt.report.model.api.impl.DesignEngineImpl.ensureInitialized(DesignEngineImpl.java:96)
	at org.eclipse.birt.report.model.api.impl.DesignEngineImpl.<init>(DesignEngineImpl.java:63)
	at org.eclipse.birt.report.model.api.impl.DesignEngineFactory.createDesignEngine(DesignEngineFactory.java:34)
	at org.eclipse.birt.report.model.api.DesignEngine.<init>(DesignEngine.java:98)
	at org.formation.Main.buildReport(Main.java:45)
	at org.formation.Main.main(Main.java:26)
]
2017-07-25 11:17:45  Message [Extension loading error]
					 Exception [org.eclipse.birt.report.model.metadata.MetaDataException: Message:Duplicate extension name when adding the extension [MeasureView] to the meta-data dictionary. Error code:DUPLICATE_EXTENSION_NAME 
	at org.eclipse.birt.report.model.metadata.ExtensionManagerImpl.addExtension(ExtensionManagerImpl.java:171)
	at org.eclipse.birt.report.model.metadata.MetaDataDictionary.addExtension(MetaDataDictionary.java:910)
	at org.eclipse.birt.report.model.metadata.PeerExtensionLoader$PeerExtensionElementLoader.loadElement(PeerExtensionLoader.java:318)
	at org.eclipse.birt.report.model.metadata.PeerExtensionLoader.loadExtension(PeerExtensionLoader.java:113)
	at org.eclipse.birt.report.model.metadata.ExtensionLoader.doLoad(ExtensionLoader.java:150)
	at org.eclipse.birt.report.model.metadata.PeerExtensionLoader.doLoad(PeerExtensionLoader.java:65)
	at org.eclipse.birt.report.model.metadata.ExtensionLoader.load(ExtensionLoader.java:71)
	at org.eclipse.birt.report.model.metadata.ExtensionManagerImpl.initialize(ExtensionManagerImpl.java:100)
	at org.eclipse.birt.report.model.metadata.MetaDataDictionary.initialize(MetaDataDictionary.java:573)
	at org.eclipse.birt.report.model.api.impl.DesignEngineImpl.ensureInitialized(DesignEngineImpl.java:96)
	at org.eclipse.birt.report.model.api.impl.DesignEngineImpl.<init>(DesignEngineImpl.java:63)
	at org.eclipse.birt.report.model.api.impl.DesignEngineFactory.createDesignEngine(DesignEngineFactory.java:34)
	at org.eclipse.birt.report.model.api.DesignEngine.<init>(DesignEngine.java:98)
	at org.formation.Main.buildReport(Main.java:45)
	at org.formation.Main.main(Main.java:26)
]
2017-07-25 11:17:45  Message [Extension loading error]
					 Exception [org.eclipse.birt.report.model.metadata.MetaDataException: Message:Duplicate extension name when adding the extension [ComputedMeasureView] to the meta-data dictionary. Error code:DUPLICATE_EXTENSION_NAME 
	at org.eclipse.birt.report.model.metadata.ExtensionManagerImpl.addExtension(ExtensionManagerImpl.java:171)
	at org.eclipse.birt.report.model.metadata.MetaDataDictionary.addExtension(MetaDataDictionary.java:910)
	at org.eclipse.birt.report.model.metadata.PeerExtensionLoader$PeerExtensionElementLoader.loadElement(PeerExtensionLoader.java:318)
	at org.eclipse.birt.report.model.metadata.PeerExtensionLoader.loadExtension(PeerExtensionLoader.java:113)
	at org.eclipse.birt.report.model.metadata.ExtensionLoader.doLoad(ExtensionLoader.java:150)
	at org.eclipse.birt.report.model.metadata.PeerExtensionLoader.doLoad(PeerExtensionLoader.java:65)
	at org.eclipse.birt.report.model.metadata.ExtensionLoader.load(ExtensionLoader.java:71)
	at org.eclipse.birt.report.model.metadata.ExtensionManagerImpl.initialize(ExtensionManagerImpl.java:100)
	at org.eclipse.birt.report.model.metadata.MetaDataDictionary.initialize(MetaDataDictionary.java:573)
	at org.eclipse.birt.report.model.api.impl.DesignEngineImpl.ensureInitialized(DesignEngineImpl.java:96)
	at org.eclipse.birt.report.model.api.impl.DesignEngineImpl.<init>(DesignEngineImpl.java:63)
	at org.eclipse.birt.report.model.api.impl.DesignEngineFactory.createDesignEngine(DesignEngineFactory.java:34)
	at org.eclipse.birt.report.model.api.DesignEngine.<init>(DesignEngine.java:98)
	at org.formation.Main.buildReport(Main.java:45)
	at org.formation.Main.main(Main.java:26)
]
2017-07-25 11:17:45  Message [Extension loading error]
					 Exception [org.eclipse.birt.report.model.metadata.MetaDataException: Message:Duplicate extension name when adding the extension [CrosstabCell] to the meta-data dictionary. Error code:DUPLICATE_EXTENSION_NAME 
	at org.eclipse.birt.report.model.metadata.ExtensionManagerImpl.addExtension(ExtensionManagerImpl.java:171)
	at org.eclipse.birt.report.model.metadata.MetaDataDictionary.addExtension(MetaDataDictionary.java:910)
	at org.eclipse.birt.report.model.metadata.PeerExtensionLoader$PeerExtensionElementLoader.loadElement(PeerExtensionLoader.java:318)
	at org.eclipse.birt.report.model.metadata.PeerExtensionLoader.loadExtension(PeerExtensionLoader.java:113)
	at org.eclipse.birt.report.model.metadata.ExtensionLoader.doLoad(ExtensionLoader.java:150)
	at org.eclipse.birt.report.model.metadata.PeerExtensionLoader.doLoad(PeerExtensionLoader.java:65)
	at org.eclipse.birt.report.model.metadata.ExtensionLoader.load(ExtensionLoader.java:71)
	at org.eclipse.birt.report.model.metadata.ExtensionManagerImpl.initialize(ExtensionManagerImpl.java:100)
	at org.eclipse.birt.report.model.metadata.MetaDataDictionary.initialize(MetaDataDictionary.java:573)
	at org.eclipse.birt.report.model.api.impl.DesignEngineImpl.ensureInitialized(DesignEngineImpl.java:96)
	at org.eclipse.birt.report.model.api.impl.DesignEngineImpl.<init>(DesignEngineImpl.java:63)
	at org.eclipse.birt.report.model.api.impl.DesignEngineFactory.createDesignEngine(DesignEngineFactory.java:34)
	at org.eclipse.birt.report.model.api.DesignEngine.<init>(DesignEngine.java:98)
	at org.formation.Main.buildReport(Main.java:45)
	at org.formation.Main.main(Main.java:26)
]
2017-07-25 11:17:45  Message [Extension loading error]
					 Exception [org.eclipse.birt.report.model.metadata.MetaDataException: Message:Duplicate extension name when adding the extension [AggregationCell] to the meta-data dictionary. Error code:DUPLICATE_EXTENSION_NAME 
	at org.eclipse.birt.report.model.metadata.ExtensionManagerImpl.addExtension(ExtensionManagerImpl.java:171)
	at org.eclipse.birt.report.model.metadata.MetaDataDictionary.addExtension(MetaDataDictionary.java:910)
	at org.eclipse.birt.report.model.metadata.PeerExtensionLoader$PeerExtensionElementLoader.loadElement(PeerExtensionLoader.java:318)
	at org.eclipse.birt.report.model.metadata.PeerExtensionLoader.loadExtension(PeerExtensionLoader.java:113)
	at org.eclipse.birt.report.model.metadata.ExtensionLoader.doLoad(ExtensionLoader.java:150)
	at org.eclipse.birt.report.model.metadata.PeerExtensionLoader.doLoad(PeerExtensionLoader.java:65)
	at org.eclipse.birt.report.model.metadata.ExtensionLoader.load(ExtensionLoader.java:71)
	at org.eclipse.birt.report.model.metadata.ExtensionManagerImpl.initialize(ExtensionManagerImpl.java:100)
	at org.eclipse.birt.report.model.metadata.MetaDataDictionary.initialize(MetaDataDictionary.java:573)
	at org.eclipse.birt.report.model.api.impl.DesignEngineImpl.ensureInitialized(DesignEngineImpl.java:96)
	at org.eclipse.birt.report.model.api.impl.DesignEngineImpl.<init>(DesignEngineImpl.java:63)
	at org.eclipse.birt.report.model.api.impl.DesignEngineFactory.createDesignEngine(DesignEngineFactory.java:34)
	at org.eclipse.birt.report.model.api.DesignEngine.<init>(DesignEngine.java:98)
	at org.formation.Main.buildReport(Main.java:45)
	at org.formation.Main.main(Main.java:26)
]
