mars 10, 2022 12:08:49 PM org.eclipse.birt.report.model.core.LayoutModule loadLibrarySilently
AVERTISSEMENT: Syntax error found, and see error details.
Error.DesignFileException.SYNTAX_ERROR - 1 errors found! 
1.)  org.eclipse.birt.report.model.parser.DesignParserException (code = Error.DesignParserException.FILE_NOT_FOUND, message : The file "SampleSource.rptlibrary" is not found.)

	at org.eclipse.birt.report.model.core.LayoutModule.loadLibrary(LayoutModule.java:379)
	at org.eclipse.birt.report.model.core.LayoutModule.loadLibrarySilently(LayoutModule.java:469)
	at org.eclipse.birt.report.model.parser.IncludedLibrariesStructureListState$IncludedLibraryStructureState.end(IncludedLibrariesStructureListState.java:145)
	at org.eclipse.birt.report.model.util.XMLParserHandler.endElement(XMLParserHandler.java:186)
	at java.xml/com.sun.org.apache.xerces.internal.parsers.AbstractSAXParser.endElement(AbstractSAXParser.java:610)
	at java.xml/com.sun.org.apache.xerces.internal.impl.XMLDocumentFragmentScannerImpl.scanEndElement(XMLDocumentFragmentScannerImpl.java:1718)
	at java.xml/com.sun.org.apache.xerces.internal.impl.XMLDocumentFragmentScannerImpl$FragmentContentDriver.next(XMLDocumentFragmentScannerImpl.java:2883)
	at java.xml/com.sun.org.apache.xerces.internal.impl.XMLDocumentScannerImpl.next(XMLDocumentScannerImpl.java:605)
	at java.xml/com.sun.org.apache.xerces.internal.impl.XMLDocumentFragmentScannerImpl.scanDocument(XMLDocumentFragmentScannerImpl.java:534)
	at java.xml/com.sun.org.apache.xerces.internal.parsers.XML11Configuration.parse(XML11Configuration.java:888)
	at java.xml/com.sun.org.apache.xerces.internal.parsers.XML11Configuration.parse(XML11Configuration.java:824)
	at java.xml/com.sun.org.apache.xerces.internal.parsers.XMLParser.parse(XMLParser.java:141)
	at java.xml/com.sun.org.apache.xerces.internal.parsers.AbstractSAXParser.parse(AbstractSAXParser.java:1216)
	at java.xml/com.sun.org.apache.xerces.internal.jaxp.SAXParserImpl$JAXPSAXParser.parse(SAXParserImpl.java:635)
	at java.xml/com.sun.org.apache.xerces.internal.jaxp.SAXParserImpl.parse(SAXParserImpl.java:324)
	at org.eclipse.birt.report.model.parser.ModuleReader.readModule(ModuleReader.java:98)
	at org.eclipse.birt.report.model.parser.GenericModuleReader.read(GenericModuleReader.java:84)
	at org.eclipse.birt.report.model.core.DesignSessionImpl.openModule(DesignSessionImpl.java:405)
	at org.eclipse.birt.report.model.core.DesignSessionImpl.openModule(DesignSessionImpl.java:379)
	at org.eclipse.birt.report.model.api.ModuleUtil.checkVersion(ModuleUtil.java:641)
	at org.eclipse.birt.report.model.api.ModuleUtil.checkVersion(ModuleUtil.java:745)
	at org.eclipse.birt.report.designer.ui.editors.MultiPageReportEditor.addPages(MultiPageReportEditor.java:390)
	at org.eclipse.birt.report.designer.ui.editors.IDEMultiPageReportEditor.addPages(IDEMultiPageReportEditor.java:366)
	at org.eclipse.ui.forms.editor.FormEditor.createPages(FormEditor.java:140)
	at org.eclipse.ui.part.MultiPageEditorPart.createPartControl(MultiPageEditorPart.java:348)
	at org.eclipse.birt.report.designer.ui.editors.ReportEditorProxy.createPartControl(ReportEditorProxy.java:146)
	at org.eclipse.ui.internal.e4.compatibility.CompatibilityPart.createPartControl(CompatibilityPart.java:153)
	at org.eclipse.ui.internal.e4.compatibility.CompatibilityEditor.createPartControl(CompatibilityEditor.java:99)
	at org.eclipse.ui.internal.e4.compatibility.CompatibilityPart.create(CompatibilityPart.java:364)
	at java.base/jdk.internal.reflect.NativeMethodAccessorImpl.invoke0(Native Method)
	at java.base/jdk.internal.reflect.NativeMethodAccessorImpl.invoke(NativeMethodAccessorImpl.java:62)
	at java.base/jdk.internal.reflect.DelegatingMethodAccessorImpl.invoke(DelegatingMethodAccessorImpl.java:43)
	at java.base/java.lang.reflect.Method.invoke(Method.java:566)
	at org.eclipse.e4.core.internal.di.MethodRequestor.execute(MethodRequestor.java:55)
	at org.eclipse.e4.core.internal.di.InjectorImpl.processAnnotated(InjectorImpl.java:1005)
	at org.eclipse.e4.core.internal.di.InjectorImpl.processAnnotated(InjectorImpl.java:970)
	at org.eclipse.e4.core.internal.di.InjectorImpl.internalInject(InjectorImpl.java:137)
	at org.eclipse.e4.core.internal.di.InjectorImpl.internalMake(InjectorImpl.java:412)
	at org.eclipse.e4.core.internal.di.InjectorImpl.make(InjectorImpl.java:331)
	at org.eclipse.e4.core.contexts.ContextInjectionFactory.make(ContextInjectionFactory.java:190)
	at org.eclipse.e4.ui.internal.workbench.ReflectionContributionFactory.createFromBundle(ReflectionContributionFactory.java:105)
	at org.eclipse.e4.ui.internal.workbench.ReflectionContributionFactory.doCreate(ReflectionContributionFactory.java:74)
	at org.eclipse.e4.ui.internal.workbench.ReflectionContributionFactory.create(ReflectionContributionFactory.java:56)
	at org.eclipse.e4.ui.workbench.renderers.swt.ContributedPartRenderer.createWidget(ContributedPartRenderer.java:129)
	at org.eclipse.e4.ui.internal.workbench.swt.PartRenderingEngine.createWidget(PartRenderingEngine.java:1012)
	at org.eclipse.e4.ui.internal.workbench.swt.PartRenderingEngine.safeCreateGui(PartRenderingEngine.java:672)
	at org.eclipse.e4.ui.internal.workbench.swt.PartRenderingEngine.safeCreateGui(PartRenderingEngine.java:778)
	at org.eclipse.e4.ui.internal.workbench.swt.PartRenderingEngine.access$0(PartRenderingEngine.java:749)
	at org.eclipse.e4.ui.internal.workbench.swt.PartRenderingEngine$2.run(PartRenderingEngine.java:743)
	at org.eclipse.core.runtime.SafeRunner.run(SafeRunner.java:42)
	at org.eclipse.e4.ui.internal.workbench.swt.PartRenderingEngine.createGui(PartRenderingEngine.java:727)
	at org.eclipse.e4.ui.internal.workbench.PartServiceImpl$1.handleEvent(PartServiceImpl.java:104)
	at org.eclipse.e4.ui.services.internal.events.UIEventHandler$1.run(UIEventHandler.java:40)
	at org.eclipse.swt.widgets.Synchronizer.syncExec(Synchronizer.java:233)
	at org.eclipse.ui.internal.UISynchronizer.syncExec(UISynchronizer.java:144)
	at org.eclipse.swt.widgets.Display.syncExec(Display.java:5831)
	at org.eclipse.e4.ui.internal.workbench.swt.E4Application$1.syncExec(E4Application.java:212)
	at org.eclipse.e4.ui.services.internal.events.UIEventHandler.handleEvent(UIEventHandler.java:36)
	at org.eclipse.equinox.internal.event.EventHandlerWrapper.handleEvent(EventHandlerWrapper.java:201)
	at org.eclipse.equinox.internal.event.EventHandlerTracker.dispatchEvent(EventHandlerTracker.java:196)
	at org.eclipse.equinox.internal.event.EventHandlerTracker.dispatchEvent(EventHandlerTracker.java:1)
	at org.eclipse.osgi.framework.eventmgr.EventManager.dispatchEvent(EventManager.java:230)
	at org.eclipse.osgi.framework.eventmgr.ListenerQueue.dispatchEventSynchronous(ListenerQueue.java:148)
	at org.eclipse.equinox.internal.event.EventAdminImpl.dispatchEvent(EventAdminImpl.java:135)
	at org.eclipse.equinox.internal.event.EventAdminImpl.sendEvent(EventAdminImpl.java:78)
	at org.eclipse.equinox.internal.event.EventComponent.sendEvent(EventComponent.java:39)
	at org.eclipse.e4.ui.services.internal.events.EventBroker.send(EventBroker.java:52)
	at org.eclipse.e4.ui.internal.workbench.UIEventPublisher.notifyChanged(UIEventPublisher.java:60)
	at org.eclipse.emf.common.notify.impl.BasicNotifierImpl.eNotify(BasicNotifierImpl.java:374)
	at org.eclipse.e4.ui.model.application.ui.impl.ElementContainerImpl.setSelectedElement(ElementContainerImpl.java:174)
	at org.eclipse.e4.ui.internal.workbench.ModelServiceImpl.showElementInWindow(ModelServiceImpl.java:634)
	at org.eclipse.e4.ui.internal.workbench.ModelServiceImpl.bringToTop(ModelServiceImpl.java:598)
	at org.eclipse.e4.ui.internal.workbench.PartServiceImpl.delegateBringToTop(PartServiceImpl.java:788)
	at org.eclipse.e4.ui.internal.workbench.PartServiceImpl.bringToTop(PartServiceImpl.java:401)
	at org.eclipse.e4.ui.internal.workbench.PartServiceImpl.showPart(PartServiceImpl.java:1238)
	at org.eclipse.ui.internal.WorkbenchPage.busyOpenEditor(WorkbenchPage.java:3277)
	at org.eclipse.ui.internal.WorkbenchPage.access$26(WorkbenchPage.java:3192)
	at org.eclipse.ui.internal.WorkbenchPage$10.run(WorkbenchPage.java:3174)
	at org.eclipse.swt.custom.BusyIndicator.showWhile(BusyIndicator.java:71)
	at org.eclipse.ui.internal.WorkbenchPage.openEditor(WorkbenchPage.java:3169)
	at org.eclipse.ui.internal.WorkbenchPage.openEditor(WorkbenchPage.java:3133)
	at org.eclipse.ui.internal.WorkbenchPage.openEditor(WorkbenchPage.java:3123)
	at org.eclipse.ui.ide.IDE.openEditor(IDE.java:563)
	at org.eclipse.ui.ide.IDE.openEditor(IDE.java:518)
	at org.eclipse.ui.actions.OpenFileAction.openFile(OpenFileAction.java:100)
	at org.eclipse.ui.actions.OpenSystemEditorAction.run(OpenSystemEditorAction.java:97)
	at org.eclipse.ui.views.navigator.OpenActionGroup.runDefaultAction(OpenActionGroup.java:137)
	at org.eclipse.ui.views.navigator.MainActionGroup.runDefaultAction(MainActionGroup.java:325)
	at org.eclipse.ui.views.navigator.ResourceNavigator.handleOpen(ResourceNavigator.java:761)
	at org.eclipse.ui.views.navigator.ResourceNavigator$2.open(ResourceNavigator.java:477)
	at org.eclipse.ui.OpenAndLinkWithEditorHelper$InternalListener.open(OpenAndLinkWithEditorHelper.java:46)
	at org.eclipse.jface.viewers.StructuredViewer$2.run(StructuredViewer.java:850)
	at org.eclipse.core.runtime.SafeRunner.run(SafeRunner.java:42)
	at org.eclipse.ui.internal.JFaceUtil.lambda$0(JFaceUtil.java:44)
	at org.eclipse.jface.util.SafeRunnable.run(SafeRunnable.java:173)
	at org.eclipse.jface.viewers.StructuredViewer.fireOpen(StructuredViewer.java:847)
	at org.eclipse.jface.viewers.StructuredViewer.handleOpen(StructuredViewer.java:1162)
	at org.eclipse.jface.util.OpenStrategy.fireOpenEvent(OpenStrategy.java:273)
	at org.eclipse.jface.util.OpenStrategy.access$2(OpenStrategy.java:268)
	at org.eclipse.jface.util.OpenStrategy$1.handleEvent(OpenStrategy.java:308)
	at org.eclipse.swt.widgets.EventTable.sendEvent(EventTable.java:86)
	at org.eclipse.swt.widgets.Display.sendEvent(Display.java:5686)
	at org.eclipse.swt.widgets.Widget.sendEvent(Widget.java:1370)
	at org.eclipse.swt.widgets.Display.runDeferredEvents(Display.java:4940)
	at org.eclipse.swt.widgets.Display.readAndDispatch(Display.java:4518)
	at org.eclipse.e4.ui.internal.workbench.swt.PartRenderingEngine$5.run(PartRenderingEngine.java:1170)
	at org.eclipse.core.databinding.observable.Realm.runWithDefault(Realm.java:336)
	at org.eclipse.e4.ui.internal.workbench.swt.PartRenderingEngine.run(PartRenderingEngine.java:1059)
	at org.eclipse.e4.ui.internal.workbench.E4Workbench.createAndRunUI(E4Workbench.java:153)
	at org.eclipse.ui.internal.Workbench.lambda$3(Workbench.java:683)
	at org.eclipse.core.databinding.observable.Realm.runWithDefault(Realm.java:336)
	at org.eclipse.ui.internal.Workbench.createAndRunWorkbench(Workbench.java:597)
	at org.eclipse.ui.PlatformUI.createAndRunWorkbench(PlatformUI.java:148)
	at org.eclipse.ui.internal.ide.application.IDEApplication.start(IDEApplication.java:152)
	at org.eclipse.equinox.internal.app.EclipseAppHandle.run(EclipseAppHandle.java:196)
	at org.eclipse.core.runtime.internal.adaptor.EclipseAppLauncher.runApplication(EclipseAppLauncher.java:134)
	at org.eclipse.core.runtime.internal.adaptor.EclipseAppLauncher.start(EclipseAppLauncher.java:104)
	at org.eclipse.core.runtime.adaptor.EclipseStarter.run(EclipseStarter.java:388)
	at org.eclipse.core.runtime.adaptor.EclipseStarter.run(EclipseStarter.java:243)
	at java.base/jdk.internal.reflect.NativeMethodAccessorImpl.invoke0(Native Method)
	at java.base/jdk.internal.reflect.NativeMethodAccessorImpl.invoke(NativeMethodAccessorImpl.java:62)
	at java.base/jdk.internal.reflect.DelegatingMethodAccessorImpl.invoke(DelegatingMethodAccessorImpl.java:43)
	at java.base/java.lang.reflect.Method.invoke(Method.java:566)
	at org.eclipse.equinox.launcher.Main.invokeFramework(Main.java:656)
	at org.eclipse.equinox.launcher.Main.basicRun(Main.java:592)
	at org.eclipse.equinox.launcher.Main.run(Main.java:1498)
	at org.eclipse.equinox.launcher.Main.main(Main.java:1471)

mars 10, 2022 12:08:50 PM org.eclipse.birt.report.model.css.StyleSheetLoader semanticWarning
AVERTISSEMENT: The style "body" is not supported.
mars 10, 2022 12:08:50 PM org.eclipse.birt.report.model.css.StyleSheetLoader semanticWarning
AVERTISSEMENT: The style "report" is not supported.
mars 10, 2022 12:08:50 PM org.eclipse.birt.report.model.css.StyleSheetLoader semanticWarning
AVERTISSEMENT: The style "table-footer" is not supported.
mars 10, 2022 12:08:50 PM org.eclipse.birt.report.model.css.StyleSheetLoader semanticWarning
AVERTISSEMENT: The style "body" is not supported.
mars 10, 2022 12:08:50 PM org.eclipse.birt.report.model.css.StyleSheetLoader semanticWarning
AVERTISSEMENT: The style "report" is not supported.
mars 10, 2022 12:08:50 PM org.eclipse.birt.report.model.css.StyleSheetLoader semanticWarning
AVERTISSEMENT: The style "table-footer" is not supported.
mars 10, 2022 12:08:50 PM org.eclipse.birt.report.model.css.StyleSheetLoader semanticWarning
AVERTISSEMENT: The style "body" is not supported.
mars 10, 2022 12:08:50 PM org.eclipse.birt.report.model.css.StyleSheetLoader semanticWarning
AVERTISSEMENT: The style "report" is not supported.
mars 10, 2022 12:08:50 PM org.eclipse.birt.report.model.css.StyleSheetLoader semanticWarning
AVERTISSEMENT: The style "table-footer" is not supported.
mars 10, 2022 12:08:50 PM org.eclipse.birt.report.model.css.StyleSheetLoader semanticWarning
AVERTISSEMENT: The style "body" is not supported.
mars 10, 2022 12:08:50 PM org.eclipse.birt.report.model.css.StyleSheetLoader semanticWarning
AVERTISSEMENT: The style "report" is not supported.
mars 10, 2022 12:08:50 PM org.eclipse.birt.report.model.css.StyleSheetLoader semanticWarning
AVERTISSEMENT: The style "table-footer" is not supported.
mars 10, 2022 2:28:28 PM org.eclipse.birt.report.model.core.LayoutModule loadLibrarySilently
AVERTISSEMENT: Syntax error found, and see error details.
Error.DesignFileException.SYNTAX_ERROR - 1 errors found! 
1.)  org.eclipse.birt.report.model.parser.DesignParserException (code = Error.DesignParserException.FILE_NOT_FOUND, message : The file "SampleSource.rptlibrary" is not found.)

	at org.eclipse.birt.report.model.core.LayoutModule.loadLibrary(LayoutModule.java:379)
	at org.eclipse.birt.report.model.core.LayoutModule.loadLibrarySilently(LayoutModule.java:469)
	at org.eclipse.birt.report.model.parser.IncludedLibrariesStructureListState$IncludedLibraryStructureState.end(IncludedLibrariesStructureListState.java:145)
	at org.eclipse.birt.report.model.util.XMLParserHandler.endElement(XMLParserHandler.java:186)
	at java.xml/com.sun.org.apache.xerces.internal.parsers.AbstractSAXParser.endElement(AbstractSAXParser.java:610)
	at java.xml/com.sun.org.apache.xerces.internal.impl.XMLDocumentFragmentScannerImpl.scanEndElement(XMLDocumentFragmentScannerImpl.java:1718)
	at java.xml/com.sun.org.apache.xerces.internal.impl.XMLDocumentFragmentScannerImpl$FragmentContentDriver.next(XMLDocumentFragmentScannerImpl.java:2883)
	at java.xml/com.sun.org.apache.xerces.internal.impl.XMLDocumentScannerImpl.next(XMLDocumentScannerImpl.java:605)
	at java.xml/com.sun.org.apache.xerces.internal.impl.XMLDocumentFragmentScannerImpl.scanDocument(XMLDocumentFragmentScannerImpl.java:534)
	at java.xml/com.sun.org.apache.xerces.internal.parsers.XML11Configuration.parse(XML11Configuration.java:888)
	at java.xml/com.sun.org.apache.xerces.internal.parsers.XML11Configuration.parse(XML11Configuration.java:824)
	at java.xml/com.sun.org.apache.xerces.internal.parsers.XMLParser.parse(XMLParser.java:141)
	at java.xml/com.sun.org.apache.xerces.internal.parsers.AbstractSAXParser.parse(AbstractSAXParser.java:1216)
	at java.xml/com.sun.org.apache.xerces.internal.jaxp.SAXParserImpl$JAXPSAXParser.parse(SAXParserImpl.java:635)
	at java.xml/com.sun.org.apache.xerces.internal.jaxp.SAXParserImpl.parse(SAXParserImpl.java:324)
	at org.eclipse.birt.report.model.parser.ModuleReader.readModule(ModuleReader.java:98)
	at org.eclipse.birt.report.model.parser.GenericModuleReader.read(GenericModuleReader.java:84)
	at org.eclipse.birt.report.model.core.DesignSessionImpl.openModule(DesignSessionImpl.java:405)
	at org.eclipse.birt.report.model.core.DesignSessionImpl.openModule(DesignSessionImpl.java:379)
	at org.eclipse.birt.report.model.api.ModuleUtil.checkVersion(ModuleUtil.java:641)
	at org.eclipse.birt.report.model.api.ModuleUtil.checkVersion(ModuleUtil.java:745)
	at org.eclipse.birt.report.designer.ui.editors.MultiPageReportEditor.addPages(MultiPageReportEditor.java:390)
	at org.eclipse.birt.report.designer.ui.editors.IDEMultiPageReportEditor.addPages(IDEMultiPageReportEditor.java:366)
	at org.eclipse.ui.forms.editor.FormEditor.createPages(FormEditor.java:140)
	at org.eclipse.ui.part.MultiPageEditorPart.createPartControl(MultiPageEditorPart.java:348)
	at org.eclipse.birt.report.designer.ui.editors.ReportEditorProxy.createPartControl(ReportEditorProxy.java:146)
	at org.eclipse.ui.internal.e4.compatibility.CompatibilityPart.createPartControl(CompatibilityPart.java:153)
	at org.eclipse.ui.internal.e4.compatibility.CompatibilityEditor.createPartControl(CompatibilityEditor.java:99)
	at org.eclipse.ui.internal.e4.compatibility.CompatibilityPart.create(CompatibilityPart.java:364)
	at java.base/jdk.internal.reflect.NativeMethodAccessorImpl.invoke0(Native Method)
	at java.base/jdk.internal.reflect.NativeMethodAccessorImpl.invoke(NativeMethodAccessorImpl.java:62)
	at java.base/jdk.internal.reflect.DelegatingMethodAccessorImpl.invoke(DelegatingMethodAccessorImpl.java:43)
	at java.base/java.lang.reflect.Method.invoke(Method.java:566)
	at org.eclipse.e4.core.internal.di.MethodRequestor.execute(MethodRequestor.java:55)
	at org.eclipse.e4.core.internal.di.InjectorImpl.processAnnotated(InjectorImpl.java:1005)
	at org.eclipse.e4.core.internal.di.InjectorImpl.processAnnotated(InjectorImpl.java:970)
	at org.eclipse.e4.core.internal.di.InjectorImpl.internalInject(InjectorImpl.java:137)
	at org.eclipse.e4.core.internal.di.InjectorImpl.internalMake(InjectorImpl.java:412)
	at org.eclipse.e4.core.internal.di.InjectorImpl.make(InjectorImpl.java:331)
	at org.eclipse.e4.core.contexts.ContextInjectionFactory.make(ContextInjectionFactory.java:190)
	at org.eclipse.e4.ui.internal.workbench.ReflectionContributionFactory.createFromBundle(ReflectionContributionFactory.java:105)
	at org.eclipse.e4.ui.internal.workbench.ReflectionContributionFactory.doCreate(ReflectionContributionFactory.java:74)
	at org.eclipse.e4.ui.internal.workbench.ReflectionContributionFactory.create(ReflectionContributionFactory.java:56)
	at org.eclipse.e4.ui.workbench.renderers.swt.ContributedPartRenderer.createWidget(ContributedPartRenderer.java:129)
	at org.eclipse.e4.ui.internal.workbench.swt.PartRenderingEngine.createWidget(PartRenderingEngine.java:1012)
	at org.eclipse.e4.ui.internal.workbench.swt.PartRenderingEngine.safeCreateGui(PartRenderingEngine.java:672)
	at org.eclipse.e4.ui.internal.workbench.swt.PartRenderingEngine.safeCreateGui(PartRenderingEngine.java:778)
	at org.eclipse.e4.ui.internal.workbench.swt.PartRenderingEngine.access$0(PartRenderingEngine.java:749)
	at org.eclipse.e4.ui.internal.workbench.swt.PartRenderingEngine$2.run(PartRenderingEngine.java:743)
	at org.eclipse.core.runtime.SafeRunner.run(SafeRunner.java:42)
	at org.eclipse.e4.ui.internal.workbench.swt.PartRenderingEngine.createGui(PartRenderingEngine.java:727)
	at org.eclipse.e4.ui.internal.workbench.PartServiceImpl$1.handleEvent(PartServiceImpl.java:104)
	at org.eclipse.e4.ui.services.internal.events.UIEventHandler$1.run(UIEventHandler.java:40)
	at org.eclipse.swt.widgets.Synchronizer.syncExec(Synchronizer.java:233)
	at org.eclipse.ui.internal.UISynchronizer.syncExec(UISynchronizer.java:144)
	at org.eclipse.swt.widgets.Display.syncExec(Display.java:5831)
	at org.eclipse.e4.ui.internal.workbench.swt.E4Application$1.syncExec(E4Application.java:212)
	at org.eclipse.e4.ui.services.internal.events.UIEventHandler.handleEvent(UIEventHandler.java:36)
	at org.eclipse.equinox.internal.event.EventHandlerWrapper.handleEvent(EventHandlerWrapper.java:201)
	at org.eclipse.equinox.internal.event.EventHandlerTracker.dispatchEvent(EventHandlerTracker.java:196)
	at org.eclipse.equinox.internal.event.EventHandlerTracker.dispatchEvent(EventHandlerTracker.java:1)
	at org.eclipse.osgi.framework.eventmgr.EventManager.dispatchEvent(EventManager.java:230)
	at org.eclipse.osgi.framework.eventmgr.ListenerQueue.dispatchEventSynchronous(ListenerQueue.java:148)
	at org.eclipse.equinox.internal.event.EventAdminImpl.dispatchEvent(EventAdminImpl.java:135)
	at org.eclipse.equinox.internal.event.EventAdminImpl.sendEvent(EventAdminImpl.java:78)
	at org.eclipse.equinox.internal.event.EventComponent.sendEvent(EventComponent.java:39)
	at org.eclipse.e4.ui.services.internal.events.EventBroker.send(EventBroker.java:52)
	at org.eclipse.e4.ui.internal.workbench.UIEventPublisher.notifyChanged(UIEventPublisher.java:60)
	at org.eclipse.emf.common.notify.impl.BasicNotifierImpl.eNotify(BasicNotifierImpl.java:374)
	at org.eclipse.e4.ui.model.application.ui.impl.ElementContainerImpl.setSelectedElement(ElementContainerImpl.java:174)
	at org.eclipse.e4.ui.internal.workbench.ModelServiceImpl.showElementInWindow(ModelServiceImpl.java:634)
	at org.eclipse.e4.ui.internal.workbench.ModelServiceImpl.bringToTop(ModelServiceImpl.java:598)
	at org.eclipse.e4.ui.internal.workbench.PartServiceImpl.delegateBringToTop(PartServiceImpl.java:788)
	at org.eclipse.e4.ui.internal.workbench.PartServiceImpl.bringToTop(PartServiceImpl.java:401)
	at org.eclipse.e4.ui.internal.workbench.PartServiceImpl.showPart(PartServiceImpl.java:1238)
	at org.eclipse.ui.internal.WorkbenchPage.busyOpenEditor(WorkbenchPage.java:3277)
	at org.eclipse.ui.internal.WorkbenchPage.access$26(WorkbenchPage.java:3192)
	at org.eclipse.ui.internal.WorkbenchPage$10.run(WorkbenchPage.java:3174)
	at org.eclipse.swt.custom.BusyIndicator.showWhile(BusyIndicator.java:71)
	at org.eclipse.ui.internal.WorkbenchPage.openEditor(WorkbenchPage.java:3169)
	at org.eclipse.ui.internal.WorkbenchPage.openEditor(WorkbenchPage.java:3133)
	at org.eclipse.ui.internal.WorkbenchPage.openEditor(WorkbenchPage.java:3123)
	at org.eclipse.ui.ide.IDE.openEditor(IDE.java:563)
	at org.eclipse.ui.ide.IDE.openEditor(IDE.java:518)
	at org.eclipse.ui.actions.OpenFileAction.openFile(OpenFileAction.java:100)
	at org.eclipse.ui.actions.OpenSystemEditorAction.run(OpenSystemEditorAction.java:97)
	at org.eclipse.ui.views.navigator.OpenActionGroup.runDefaultAction(OpenActionGroup.java:137)
	at org.eclipse.ui.views.navigator.MainActionGroup.runDefaultAction(MainActionGroup.java:325)
	at org.eclipse.ui.views.navigator.ResourceNavigator.handleOpen(ResourceNavigator.java:761)
	at org.eclipse.ui.views.navigator.ResourceNavigator$2.open(ResourceNavigator.java:477)
	at org.eclipse.ui.OpenAndLinkWithEditorHelper$InternalListener.open(OpenAndLinkWithEditorHelper.java:46)
	at org.eclipse.jface.viewers.StructuredViewer$2.run(StructuredViewer.java:850)
	at org.eclipse.core.runtime.SafeRunner.run(SafeRunner.java:42)
	at org.eclipse.ui.internal.JFaceUtil.lambda$0(JFaceUtil.java:44)
	at org.eclipse.jface.util.SafeRunnable.run(SafeRunnable.java:173)
	at org.eclipse.jface.viewers.StructuredViewer.fireOpen(StructuredViewer.java:847)
	at org.eclipse.jface.viewers.StructuredViewer.handleOpen(StructuredViewer.java:1162)
	at org.eclipse.jface.util.OpenStrategy.fireOpenEvent(OpenStrategy.java:273)
	at org.eclipse.jface.util.OpenStrategy.access$2(OpenStrategy.java:268)
	at org.eclipse.jface.util.OpenStrategy$1.handleEvent(OpenStrategy.java:308)
	at org.eclipse.swt.widgets.EventTable.sendEvent(EventTable.java:86)
	at org.eclipse.swt.widgets.Display.sendEvent(Display.java:5686)
	at org.eclipse.swt.widgets.Widget.sendEvent(Widget.java:1370)
	at org.eclipse.swt.widgets.Display.runDeferredEvents(Display.java:4940)
	at org.eclipse.swt.widgets.Display.readAndDispatch(Display.java:4518)
	at org.eclipse.e4.ui.internal.workbench.swt.PartRenderingEngine$5.run(PartRenderingEngine.java:1170)
	at org.eclipse.core.databinding.observable.Realm.runWithDefault(Realm.java:336)
	at org.eclipse.e4.ui.internal.workbench.swt.PartRenderingEngine.run(PartRenderingEngine.java:1059)
	at org.eclipse.e4.ui.internal.workbench.E4Workbench.createAndRunUI(E4Workbench.java:153)
	at org.eclipse.ui.internal.Workbench.lambda$3(Workbench.java:683)
	at org.eclipse.core.databinding.observable.Realm.runWithDefault(Realm.java:336)
	at org.eclipse.ui.internal.Workbench.createAndRunWorkbench(Workbench.java:597)
	at org.eclipse.ui.PlatformUI.createAndRunWorkbench(PlatformUI.java:148)
	at org.eclipse.ui.internal.ide.application.IDEApplication.start(IDEApplication.java:152)
	at org.eclipse.equinox.internal.app.EclipseAppHandle.run(EclipseAppHandle.java:196)
	at org.eclipse.core.runtime.internal.adaptor.EclipseAppLauncher.runApplication(EclipseAppLauncher.java:134)
	at org.eclipse.core.runtime.internal.adaptor.EclipseAppLauncher.start(EclipseAppLauncher.java:104)
	at org.eclipse.core.runtime.adaptor.EclipseStarter.run(EclipseStarter.java:388)
	at org.eclipse.core.runtime.adaptor.EclipseStarter.run(EclipseStarter.java:243)
	at java.base/jdk.internal.reflect.NativeMethodAccessorImpl.invoke0(Native Method)
	at java.base/jdk.internal.reflect.NativeMethodAccessorImpl.invoke(NativeMethodAccessorImpl.java:62)
	at java.base/jdk.internal.reflect.DelegatingMethodAccessorImpl.invoke(DelegatingMethodAccessorImpl.java:43)
	at java.base/java.lang.reflect.Method.invoke(Method.java:566)
	at org.eclipse.equinox.launcher.Main.invokeFramework(Main.java:656)
	at org.eclipse.equinox.launcher.Main.basicRun(Main.java:592)
	at org.eclipse.equinox.launcher.Main.run(Main.java:1498)
	at org.eclipse.equinox.launcher.Main.main(Main.java:1471)

mars 10, 2022 3:47:06 PM org.eclipse.birt.report.model.core.LayoutModule loadLibrarySilently
AVERTISSEMENT: Syntax error found, and see error details.
Error.DesignFileException.SYNTAX_ERROR - 1 errors found! 
1.)  org.eclipse.birt.report.model.parser.DesignParserException (code = Error.DesignParserException.FILE_NOT_FOUND, message : The file "SampleSource.rptlibrary" is not found.)

	at org.eclipse.birt.report.model.core.LayoutModule.loadLibrary(LayoutModule.java:379)
	at org.eclipse.birt.report.model.core.LayoutModule.loadLibrarySilently(LayoutModule.java:469)
	at org.eclipse.birt.report.model.parser.IncludedLibrariesStructureListState$IncludedLibraryStructureState.end(IncludedLibrariesStructureListState.java:145)
	at org.eclipse.birt.report.model.util.XMLParserHandler.endElement(XMLParserHandler.java:186)
	at java.xml/com.sun.org.apache.xerces.internal.parsers.AbstractSAXParser.endElement(AbstractSAXParser.java:610)
	at java.xml/com.sun.org.apache.xerces.internal.impl.XMLDocumentFragmentScannerImpl.scanEndElement(XMLDocumentFragmentScannerImpl.java:1718)
	at java.xml/com.sun.org.apache.xerces.internal.impl.XMLDocumentFragmentScannerImpl$FragmentContentDriver.next(XMLDocumentFragmentScannerImpl.java:2883)
	at java.xml/com.sun.org.apache.xerces.internal.impl.XMLDocumentScannerImpl.next(XMLDocumentScannerImpl.java:605)
	at java.xml/com.sun.org.apache.xerces.internal.impl.XMLDocumentFragmentScannerImpl.scanDocument(XMLDocumentFragmentScannerImpl.java:534)
	at java.xml/com.sun.org.apache.xerces.internal.parsers.XML11Configuration.parse(XML11Configuration.java:888)
	at java.xml/com.sun.org.apache.xerces.internal.parsers.XML11Configuration.parse(XML11Configuration.java:824)
	at java.xml/com.sun.org.apache.xerces.internal.parsers.XMLParser.parse(XMLParser.java:141)
	at java.xml/com.sun.org.apache.xerces.internal.parsers.AbstractSAXParser.parse(AbstractSAXParser.java:1216)
	at java.xml/com.sun.org.apache.xerces.internal.jaxp.SAXParserImpl$JAXPSAXParser.parse(SAXParserImpl.java:635)
	at java.xml/com.sun.org.apache.xerces.internal.jaxp.SAXParserImpl.parse(SAXParserImpl.java:324)
	at org.eclipse.birt.report.model.parser.ModuleReader.readModule(ModuleReader.java:98)
	at org.eclipse.birt.report.model.parser.GenericModuleReader.read(GenericModuleReader.java:84)
	at org.eclipse.birt.report.model.core.DesignSessionImpl.openModule(DesignSessionImpl.java:405)
	at org.eclipse.birt.report.model.core.DesignSessionImpl.openModule(DesignSessionImpl.java:379)
	at org.eclipse.birt.report.model.api.ModuleUtil.checkVersion(ModuleUtil.java:641)
	at org.eclipse.birt.report.model.api.ModuleUtil.checkVersion(ModuleUtil.java:745)
	at org.eclipse.birt.report.designer.ui.editors.MultiPageReportEditor.addPages(MultiPageReportEditor.java:390)
	at org.eclipse.birt.report.designer.ui.editors.IDEMultiPageReportEditor.addPages(IDEMultiPageReportEditor.java:366)
	at org.eclipse.ui.forms.editor.FormEditor.createPages(FormEditor.java:140)
	at org.eclipse.ui.part.MultiPageEditorPart.createPartControl(MultiPageEditorPart.java:348)
	at org.eclipse.birt.report.designer.ui.editors.ReportEditorProxy.createPartControl(ReportEditorProxy.java:146)
	at org.eclipse.ui.internal.e4.compatibility.CompatibilityPart.createPartControl(CompatibilityPart.java:153)
	at org.eclipse.ui.internal.e4.compatibility.CompatibilityEditor.createPartControl(CompatibilityEditor.java:99)
	at org.eclipse.ui.internal.e4.compatibility.CompatibilityPart.create(CompatibilityPart.java:364)
	at java.base/jdk.internal.reflect.NativeMethodAccessorImpl.invoke0(Native Method)
	at java.base/jdk.internal.reflect.NativeMethodAccessorImpl.invoke(NativeMethodAccessorImpl.java:62)
	at java.base/jdk.internal.reflect.DelegatingMethodAccessorImpl.invoke(DelegatingMethodAccessorImpl.java:43)
	at java.base/java.lang.reflect.Method.invoke(Method.java:566)
	at org.eclipse.e4.core.internal.di.MethodRequestor.execute(MethodRequestor.java:55)
	at org.eclipse.e4.core.internal.di.InjectorImpl.processAnnotated(InjectorImpl.java:1005)
	at org.eclipse.e4.core.internal.di.InjectorImpl.processAnnotated(InjectorImpl.java:970)
	at org.eclipse.e4.core.internal.di.InjectorImpl.internalInject(InjectorImpl.java:137)
	at org.eclipse.e4.core.internal.di.InjectorImpl.internalMake(InjectorImpl.java:412)
	at org.eclipse.e4.core.internal.di.InjectorImpl.make(InjectorImpl.java:331)
	at org.eclipse.e4.core.contexts.ContextInjectionFactory.make(ContextInjectionFactory.java:190)
	at org.eclipse.e4.ui.internal.workbench.ReflectionContributionFactory.createFromBundle(ReflectionContributionFactory.java:105)
	at org.eclipse.e4.ui.internal.workbench.ReflectionContributionFactory.doCreate(ReflectionContributionFactory.java:74)
	at org.eclipse.e4.ui.internal.workbench.ReflectionContributionFactory.create(ReflectionContributionFactory.java:56)
	at org.eclipse.e4.ui.workbench.renderers.swt.ContributedPartRenderer.createWidget(ContributedPartRenderer.java:129)
	at org.eclipse.e4.ui.internal.workbench.swt.PartRenderingEngine.createWidget(PartRenderingEngine.java:1012)
	at org.eclipse.e4.ui.internal.workbench.swt.PartRenderingEngine.safeCreateGui(PartRenderingEngine.java:672)
	at org.eclipse.e4.ui.internal.workbench.swt.PartRenderingEngine.safeCreateGui(PartRenderingEngine.java:778)
	at org.eclipse.e4.ui.internal.workbench.swt.PartRenderingEngine.access$0(PartRenderingEngine.java:749)
	at org.eclipse.e4.ui.internal.workbench.swt.PartRenderingEngine$2.run(PartRenderingEngine.java:743)
	at org.eclipse.core.runtime.SafeRunner.run(SafeRunner.java:42)
	at org.eclipse.e4.ui.internal.workbench.swt.PartRenderingEngine.createGui(PartRenderingEngine.java:727)
	at org.eclipse.e4.ui.internal.workbench.PartServiceImpl$1.handleEvent(PartServiceImpl.java:104)
	at org.eclipse.e4.ui.services.internal.events.UIEventHandler$1.run(UIEventHandler.java:40)
	at org.eclipse.swt.widgets.Synchronizer.syncExec(Synchronizer.java:233)
	at org.eclipse.ui.internal.UISynchronizer.syncExec(UISynchronizer.java:144)
	at org.eclipse.swt.widgets.Display.syncExec(Display.java:5831)
	at org.eclipse.e4.ui.internal.workbench.swt.E4Application$1.syncExec(E4Application.java:212)
	at org.eclipse.e4.ui.services.internal.events.UIEventHandler.handleEvent(UIEventHandler.java:36)
	at org.eclipse.equinox.internal.event.EventHandlerWrapper.handleEvent(EventHandlerWrapper.java:201)
	at org.eclipse.equinox.internal.event.EventHandlerTracker.dispatchEvent(EventHandlerTracker.java:196)
	at org.eclipse.equinox.internal.event.EventHandlerTracker.dispatchEvent(EventHandlerTracker.java:1)
	at org.eclipse.osgi.framework.eventmgr.EventManager.dispatchEvent(EventManager.java:230)
	at org.eclipse.osgi.framework.eventmgr.ListenerQueue.dispatchEventSynchronous(ListenerQueue.java:148)
	at org.eclipse.equinox.internal.event.EventAdminImpl.dispatchEvent(EventAdminImpl.java:135)
	at org.eclipse.equinox.internal.event.EventAdminImpl.sendEvent(EventAdminImpl.java:78)
	at org.eclipse.equinox.internal.event.EventComponent.sendEvent(EventComponent.java:39)
	at org.eclipse.e4.ui.services.internal.events.EventBroker.send(EventBroker.java:52)
	at org.eclipse.e4.ui.internal.workbench.UIEventPublisher.notifyChanged(UIEventPublisher.java:60)
	at org.eclipse.emf.common.notify.impl.BasicNotifierImpl.eNotify(BasicNotifierImpl.java:374)
	at org.eclipse.e4.ui.model.application.ui.impl.ElementContainerImpl.setSelectedElement(ElementContainerImpl.java:174)
	at org.eclipse.e4.ui.internal.workbench.ModelServiceImpl.showElementInWindow(ModelServiceImpl.java:634)
	at org.eclipse.e4.ui.internal.workbench.ModelServiceImpl.bringToTop(ModelServiceImpl.java:598)
	at org.eclipse.e4.ui.internal.workbench.PartServiceImpl.delegateBringToTop(PartServiceImpl.java:788)
	at org.eclipse.e4.ui.internal.workbench.PartServiceImpl.bringToTop(PartServiceImpl.java:401)
	at org.eclipse.e4.ui.internal.workbench.PartServiceImpl.showPart(PartServiceImpl.java:1238)
	at org.eclipse.ui.internal.WorkbenchPage.busyOpenEditor(WorkbenchPage.java:3277)
	at org.eclipse.ui.internal.WorkbenchPage.access$26(WorkbenchPage.java:3192)
	at org.eclipse.ui.internal.WorkbenchPage$10.run(WorkbenchPage.java:3174)
	at org.eclipse.swt.custom.BusyIndicator.showWhile(BusyIndicator.java:71)
	at org.eclipse.ui.internal.WorkbenchPage.openEditor(WorkbenchPage.java:3169)
	at org.eclipse.ui.internal.WorkbenchPage.openEditor(WorkbenchPage.java:3133)
	at org.eclipse.ui.internal.WorkbenchPage.openEditor(WorkbenchPage.java:3123)
	at org.eclipse.ui.ide.IDE.openEditor(IDE.java:563)
	at org.eclipse.ui.ide.IDE.openEditor(IDE.java:518)
	at org.eclipse.ui.actions.OpenFileAction.openFile(OpenFileAction.java:100)
	at org.eclipse.ui.actions.OpenSystemEditorAction.run(OpenSystemEditorAction.java:97)
	at org.eclipse.ui.views.navigator.OpenActionGroup.runDefaultAction(OpenActionGroup.java:137)
	at org.eclipse.ui.views.navigator.MainActionGroup.runDefaultAction(MainActionGroup.java:325)
	at org.eclipse.ui.views.navigator.ResourceNavigator.handleOpen(ResourceNavigator.java:761)
	at org.eclipse.ui.views.navigator.ResourceNavigator$2.open(ResourceNavigator.java:477)
	at org.eclipse.ui.OpenAndLinkWithEditorHelper$InternalListener.open(OpenAndLinkWithEditorHelper.java:46)
	at org.eclipse.jface.viewers.StructuredViewer$2.run(StructuredViewer.java:850)
	at org.eclipse.core.runtime.SafeRunner.run(SafeRunner.java:42)
	at org.eclipse.ui.internal.JFaceUtil.lambda$0(JFaceUtil.java:44)
	at org.eclipse.jface.util.SafeRunnable.run(SafeRunnable.java:173)
	at org.eclipse.jface.viewers.StructuredViewer.fireOpen(StructuredViewer.java:847)
	at org.eclipse.jface.viewers.StructuredViewer.handleOpen(StructuredViewer.java:1162)
	at org.eclipse.jface.util.OpenStrategy.fireOpenEvent(OpenStrategy.java:273)
	at org.eclipse.jface.util.OpenStrategy.access$2(OpenStrategy.java:268)
	at org.eclipse.jface.util.OpenStrategy$1.handleEvent(OpenStrategy.java:308)
	at org.eclipse.swt.widgets.EventTable.sendEvent(EventTable.java:86)
	at org.eclipse.swt.widgets.Display.sendEvent(Display.java:5686)
	at org.eclipse.swt.widgets.Widget.sendEvent(Widget.java:1370)
	at org.eclipse.swt.widgets.Display.runDeferredEvents(Display.java:4940)
	at org.eclipse.swt.widgets.Display.readAndDispatch(Display.java:4518)
	at org.eclipse.e4.ui.internal.workbench.swt.PartRenderingEngine$5.run(PartRenderingEngine.java:1170)
	at org.eclipse.core.databinding.observable.Realm.runWithDefault(Realm.java:336)
	at org.eclipse.e4.ui.internal.workbench.swt.PartRenderingEngine.run(PartRenderingEngine.java:1059)
	at org.eclipse.e4.ui.internal.workbench.E4Workbench.createAndRunUI(E4Workbench.java:153)
	at org.eclipse.ui.internal.Workbench.lambda$3(Workbench.java:683)
	at org.eclipse.core.databinding.observable.Realm.runWithDefault(Realm.java:336)
	at org.eclipse.ui.internal.Workbench.createAndRunWorkbench(Workbench.java:597)
	at org.eclipse.ui.PlatformUI.createAndRunWorkbench(PlatformUI.java:148)
	at org.eclipse.ui.internal.ide.application.IDEApplication.start(IDEApplication.java:152)
	at org.eclipse.equinox.internal.app.EclipseAppHandle.run(EclipseAppHandle.java:196)
	at org.eclipse.core.runtime.internal.adaptor.EclipseAppLauncher.runApplication(EclipseAppLauncher.java:134)
	at org.eclipse.core.runtime.internal.adaptor.EclipseAppLauncher.start(EclipseAppLauncher.java:104)
	at org.eclipse.core.runtime.adaptor.EclipseStarter.run(EclipseStarter.java:388)
	at org.eclipse.core.runtime.adaptor.EclipseStarter.run(EclipseStarter.java:243)
	at java.base/jdk.internal.reflect.NativeMethodAccessorImpl.invoke0(Native Method)
	at java.base/jdk.internal.reflect.NativeMethodAccessorImpl.invoke(NativeMethodAccessorImpl.java:62)
	at java.base/jdk.internal.reflect.DelegatingMethodAccessorImpl.invoke(DelegatingMethodAccessorImpl.java:43)
	at java.base/java.lang.reflect.Method.invoke(Method.java:566)
	at org.eclipse.equinox.launcher.Main.invokeFramework(Main.java:656)
	at org.eclipse.equinox.launcher.Main.basicRun(Main.java:592)
	at org.eclipse.equinox.launcher.Main.run(Main.java:1498)
	at org.eclipse.equinox.launcher.Main.main(Main.java:1471)

mars 10, 2022 3:47:06 PM org.eclipse.birt.report.model.css.StyleSheetLoader semanticWarning
AVERTISSEMENT: The style "body" is not supported.
mars 10, 2022 3:47:06 PM org.eclipse.birt.report.model.css.StyleSheetLoader semanticWarning
AVERTISSEMENT: The style "report" is not supported.
mars 10, 2022 3:47:06 PM org.eclipse.birt.report.model.css.StyleSheetLoader semanticWarning
AVERTISSEMENT: The style "table-footer" is not supported.
mars 10, 2022 3:47:06 PM org.eclipse.birt.report.model.css.StyleSheetLoader semanticWarning
AVERTISSEMENT: The style "body" is not supported.
mars 10, 2022 3:47:06 PM org.eclipse.birt.report.model.css.StyleSheetLoader semanticWarning
AVERTISSEMENT: The style "report" is not supported.
mars 10, 2022 3:47:06 PM org.eclipse.birt.report.model.css.StyleSheetLoader semanticWarning
AVERTISSEMENT: The style "table-footer" is not supported.
mars 10, 2022 3:47:06 PM org.eclipse.birt.report.model.css.StyleSheetLoader semanticWarning
AVERTISSEMENT: The style "body" is not supported.
mars 10, 2022 3:47:06 PM org.eclipse.birt.report.model.css.StyleSheetLoader semanticWarning
AVERTISSEMENT: The style "report" is not supported.
mars 10, 2022 3:47:06 PM org.eclipse.birt.report.model.css.StyleSheetLoader semanticWarning
AVERTISSEMENT: The style "table-footer" is not supported.
mars 10, 2022 3:47:06 PM org.eclipse.birt.report.model.css.StyleSheetLoader semanticWarning
AVERTISSEMENT: The style "body" is not supported.
mars 10, 2022 3:47:06 PM org.eclipse.birt.report.model.css.StyleSheetLoader semanticWarning
AVERTISSEMENT: The style "report" is not supported.
mars 10, 2022 3:47:06 PM org.eclipse.birt.report.model.css.StyleSheetLoader semanticWarning
AVERTISSEMENT: The style "table-footer" is not supported.
mars 10, 2022 3:47:06 PM org.eclipse.birt.report.model.css.StyleSheetLoader semanticWarning
AVERTISSEMENT: The style "body" is not supported.
mars 10, 2022 3:47:06 PM org.eclipse.birt.report.model.css.StyleSheetLoader semanticWarning
AVERTISSEMENT: The style "report" is not supported.
mars 10, 2022 3:47:06 PM org.eclipse.birt.report.model.css.StyleSheetLoader semanticWarning
AVERTISSEMENT: The style "table-footer" is not supported.
mars 10, 2022 3:47:06 PM org.eclipse.birt.report.model.css.StyleSheetLoader semanticWarning
AVERTISSEMENT: The style "body" is not supported.
mars 10, 2022 3:47:06 PM org.eclipse.birt.report.model.css.StyleSheetLoader semanticWarning
AVERTISSEMENT: The style "report" is not supported.
mars 10, 2022 3:47:06 PM org.eclipse.birt.report.model.css.StyleSheetLoader semanticWarning
AVERTISSEMENT: The style "table-footer" is not supported.
mars 10, 2022 3:47:52 PM org.eclipse.birt.report.model.css.StyleSheetLoader semanticWarning
AVERTISSEMENT: The style "body" is not supported.
mars 10, 2022 3:47:52 PM org.eclipse.birt.report.model.css.StyleSheetLoader semanticWarning
AVERTISSEMENT: The style "report" is not supported.
mars 10, 2022 3:47:52 PM org.eclipse.birt.report.model.css.StyleSheetLoader semanticWarning
AVERTISSEMENT: The style "table-footer" is not supported.
mars 10, 2022 3:48:53 PM org.eclipse.birt.report.model.css.StyleSheetLoader semanticWarning
AVERTISSEMENT: The style "body" is not supported.
mars 10, 2022 3:48:53 PM org.eclipse.birt.report.model.css.StyleSheetLoader semanticWarning
AVERTISSEMENT: The style "report" is not supported.
mars 10, 2022 3:48:53 PM org.eclipse.birt.report.model.css.StyleSheetLoader semanticWarning
AVERTISSEMENT: The style "table-footer" is not supported.
mars 10, 2022 3:48:53 PM org.eclipse.birt.report.model.css.StyleSheetLoader semanticWarning
AVERTISSEMENT: The style "body" is not supported.
mars 10, 2022 3:48:53 PM org.eclipse.birt.report.model.css.StyleSheetLoader semanticWarning
AVERTISSEMENT: The style "report" is not supported.
mars 10, 2022 3:48:53 PM org.eclipse.birt.report.model.css.StyleSheetLoader semanticWarning
AVERTISSEMENT: The style "table-footer" is not supported.
mars 10, 2022 3:48:53 PM org.eclipse.birt.report.model.css.StyleSheetLoader semanticWarning
AVERTISSEMENT: The style "body" is not supported.
mars 10, 2022 3:48:53 PM org.eclipse.birt.report.model.css.StyleSheetLoader semanticWarning
AVERTISSEMENT: The style "report" is not supported.
mars 10, 2022 3:48:53 PM org.eclipse.birt.report.model.css.StyleSheetLoader semanticWarning
AVERTISSEMENT: The style "table-footer" is not supported.
mars 10, 2022 4:03:54 PM org.eclipse.birt.report.model.css.StyleSheetLoader semanticWarning
AVERTISSEMENT: The style "body" is not supported.
mars 10, 2022 4:03:54 PM org.eclipse.birt.report.model.css.StyleSheetLoader semanticWarning
AVERTISSEMENT: The style "report" is not supported.
mars 10, 2022 4:03:54 PM org.eclipse.birt.report.model.css.StyleSheetLoader semanticWarning
AVERTISSEMENT: The style "table-footer" is not supported.
mars 10, 2022 4:03:54 PM org.eclipse.birt.report.model.css.StyleSheetLoader semanticWarning
AVERTISSEMENT: The style "body" is not supported.
mars 10, 2022 4:03:54 PM org.eclipse.birt.report.model.css.StyleSheetLoader semanticWarning
AVERTISSEMENT: The style "report" is not supported.
mars 10, 2022 4:03:54 PM org.eclipse.birt.report.model.css.StyleSheetLoader semanticWarning
AVERTISSEMENT: The style "table-footer" is not supported.
mars 10, 2022 4:03:54 PM org.eclipse.birt.report.model.css.StyleSheetLoader semanticWarning
AVERTISSEMENT: The style "body" is not supported.
mars 10, 2022 4:03:54 PM org.eclipse.birt.report.model.css.StyleSheetLoader semanticWarning
AVERTISSEMENT: The style "report" is not supported.
mars 10, 2022 4:03:54 PM org.eclipse.birt.report.model.css.StyleSheetLoader semanticWarning
AVERTISSEMENT: The style "table-footer" is not supported.
mars 10, 2022 4:05:10 PM org.eclipse.birt.report.model.css.StyleSheetLoader semanticWarning
AVERTISSEMENT: The style "body" is not supported.
mars 10, 2022 4:05:10 PM org.eclipse.birt.report.model.css.StyleSheetLoader semanticWarning
AVERTISSEMENT: The style "report" is not supported.
mars 10, 2022 4:05:10 PM org.eclipse.birt.report.model.css.StyleSheetLoader semanticWarning
AVERTISSEMENT: The style "table-footer" is not supported.
mars 10, 2022 4:05:11 PM org.eclipse.birt.report.model.css.StyleSheetLoader semanticWarning
AVERTISSEMENT: The style "body" is not supported.
mars 10, 2022 4:05:11 PM org.eclipse.birt.report.model.css.StyleSheetLoader semanticWarning
AVERTISSEMENT: The style "report" is not supported.
mars 10, 2022 4:05:11 PM org.eclipse.birt.report.model.css.StyleSheetLoader semanticWarning
AVERTISSEMENT: The style "table-footer" is not supported.
mars 10, 2022 4:05:11 PM org.eclipse.birt.report.model.css.StyleSheetLoader semanticWarning
AVERTISSEMENT: The style "body" is not supported.
mars 10, 2022 4:05:11 PM org.eclipse.birt.report.model.css.StyleSheetLoader semanticWarning
AVERTISSEMENT: The style "report" is not supported.
mars 10, 2022 4:05:11 PM org.eclipse.birt.report.model.css.StyleSheetLoader semanticWarning
AVERTISSEMENT: The style "table-footer" is not supported.
mars 10, 2022 4:12:20 PM org.eclipse.birt.report.model.css.StyleSheetLoader semanticWarning
AVERTISSEMENT: The style "body" is not supported.
mars 10, 2022 4:12:20 PM org.eclipse.birt.report.model.css.StyleSheetLoader semanticWarning
AVERTISSEMENT: The style "report" is not supported.
mars 10, 2022 4:12:20 PM org.eclipse.birt.report.model.css.StyleSheetLoader semanticWarning
AVERTISSEMENT: The style "table-footer" is not supported.
mars 10, 2022 4:12:21 PM org.eclipse.birt.report.model.css.StyleSheetLoader semanticWarning
AVERTISSEMENT: The style "body" is not supported.
mars 10, 2022 4:12:21 PM org.eclipse.birt.report.model.css.StyleSheetLoader semanticWarning
AVERTISSEMENT: The style "report" is not supported.
mars 10, 2022 4:12:21 PM org.eclipse.birt.report.model.css.StyleSheetLoader semanticWarning
AVERTISSEMENT: The style "table-footer" is not supported.
mars 10, 2022 4:12:21 PM org.eclipse.birt.report.model.css.StyleSheetLoader semanticWarning
AVERTISSEMENT: The style "body" is not supported.
mars 10, 2022 4:12:21 PM org.eclipse.birt.report.model.css.StyleSheetLoader semanticWarning
AVERTISSEMENT: The style "report" is not supported.
mars 10, 2022 4:12:21 PM org.eclipse.birt.report.model.css.StyleSheetLoader semanticWarning
AVERTISSEMENT: The style "table-footer" is not supported.
mars 10, 2022 4:14:01 PM org.eclipse.birt.report.model.css.StyleSheetLoader semanticWarning
AVERTISSEMENT: The style "body" is not supported.
mars 10, 2022 4:14:01 PM org.eclipse.birt.report.model.css.StyleSheetLoader semanticWarning
AVERTISSEMENT: The style "report" is not supported.
mars 10, 2022 4:14:01 PM org.eclipse.birt.report.model.css.StyleSheetLoader semanticWarning
AVERTISSEMENT: The style "table-footer" is not supported.
mars 10, 2022 4:14:02 PM org.eclipse.birt.report.model.css.StyleSheetLoader semanticWarning
AVERTISSEMENT: The style "body" is not supported.
mars 10, 2022 4:14:02 PM org.eclipse.birt.report.model.css.StyleSheetLoader semanticWarning
AVERTISSEMENT: The style "report" is not supported.
mars 10, 2022 4:14:02 PM org.eclipse.birt.report.model.css.StyleSheetLoader semanticWarning
AVERTISSEMENT: The style "table-footer" is not supported.
mars 10, 2022 4:14:02 PM org.eclipse.birt.report.model.css.StyleSheetLoader semanticWarning
AVERTISSEMENT: The style "body" is not supported.
mars 10, 2022 4:14:02 PM org.eclipse.birt.report.model.css.StyleSheetLoader semanticWarning
AVERTISSEMENT: The style "report" is not supported.
mars 10, 2022 4:14:02 PM org.eclipse.birt.report.model.css.StyleSheetLoader semanticWarning
AVERTISSEMENT: The style "table-footer" is not supported.
mars 10, 2022 4:15:21 PM org.eclipse.birt.report.model.css.StyleSheetLoader semanticWarning
AVERTISSEMENT: The style "body" is not supported.
mars 10, 2022 4:15:21 PM org.eclipse.birt.report.model.css.StyleSheetLoader semanticWarning
AVERTISSEMENT: The style "report" is not supported.
mars 10, 2022 4:15:21 PM org.eclipse.birt.report.model.css.StyleSheetLoader semanticWarning
AVERTISSEMENT: The style "table-footer" is not supported.
mars 10, 2022 4:15:21 PM org.eclipse.birt.report.model.css.StyleSheetLoader semanticWarning
AVERTISSEMENT: The style "body" is not supported.
mars 10, 2022 4:15:21 PM org.eclipse.birt.report.model.css.StyleSheetLoader semanticWarning
AVERTISSEMENT: The style "report" is not supported.
mars 10, 2022 4:15:21 PM org.eclipse.birt.report.model.css.StyleSheetLoader semanticWarning
AVERTISSEMENT: The style "table-footer" is not supported.
mars 10, 2022 4:15:22 PM org.eclipse.birt.report.model.css.StyleSheetLoader semanticWarning
AVERTISSEMENT: The style "body" is not supported.
mars 10, 2022 4:15:22 PM org.eclipse.birt.report.model.css.StyleSheetLoader semanticWarning
AVERTISSEMENT: The style "report" is not supported.
mars 10, 2022 4:15:22 PM org.eclipse.birt.report.model.css.StyleSheetLoader semanticWarning
AVERTISSEMENT: The style "table-footer" is not supported.
mars 10, 2022 4:39:03 PM org.eclipse.birt.report.model.core.LayoutModule loadLibrarySilently
AVERTISSEMENT: Syntax error found, and see error details.
Error.DesignFileException.SYNTAX_ERROR - 1 errors found! 
1.)  org.eclipse.birt.report.model.parser.DesignParserException (code = Error.DesignParserException.FILE_NOT_FOUND, message : The file "SampleSource.rptlibrary" is not found.)

	at org.eclipse.birt.report.model.core.LayoutModule.loadLibrary(LayoutModule.java:379)
	at org.eclipse.birt.report.model.core.LayoutModule.loadLibrarySilently(LayoutModule.java:469)
	at org.eclipse.birt.report.model.parser.IncludedLibrariesStructureListState$IncludedLibraryStructureState.end(IncludedLibrariesStructureListState.java:145)
	at org.eclipse.birt.report.model.util.XMLParserHandler.endElement(XMLParserHandler.java:186)
	at java.xml/com.sun.org.apache.xerces.internal.parsers.AbstractSAXParser.endElement(AbstractSAXParser.java:610)
	at java.xml/com.sun.org.apache.xerces.internal.impl.XMLDocumentFragmentScannerImpl.scanEndElement(XMLDocumentFragmentScannerImpl.java:1718)
	at java.xml/com.sun.org.apache.xerces.internal.impl.XMLDocumentFragmentScannerImpl$FragmentContentDriver.next(XMLDocumentFragmentScannerImpl.java:2883)
	at java.xml/com.sun.org.apache.xerces.internal.impl.XMLDocumentScannerImpl.next(XMLDocumentScannerImpl.java:605)
	at java.xml/com.sun.org.apache.xerces.internal.impl.XMLDocumentFragmentScannerImpl.scanDocument(XMLDocumentFragmentScannerImpl.java:534)
	at java.xml/com.sun.org.apache.xerces.internal.parsers.XML11Configuration.parse(XML11Configuration.java:888)
	at java.xml/com.sun.org.apache.xerces.internal.parsers.XML11Configuration.parse(XML11Configuration.java:824)
	at java.xml/com.sun.org.apache.xerces.internal.parsers.XMLParser.parse(XMLParser.java:141)
	at java.xml/com.sun.org.apache.xerces.internal.parsers.AbstractSAXParser.parse(AbstractSAXParser.java:1216)
	at java.xml/com.sun.org.apache.xerces.internal.jaxp.SAXParserImpl$JAXPSAXParser.parse(SAXParserImpl.java:635)
	at java.xml/com.sun.org.apache.xerces.internal.jaxp.SAXParserImpl.parse(SAXParserImpl.java:324)
	at org.eclipse.birt.report.model.parser.ModuleReader.readModule(ModuleReader.java:98)
	at org.eclipse.birt.report.model.parser.GenericModuleReader.read(GenericModuleReader.java:84)
	at org.eclipse.birt.report.model.core.DesignSessionImpl.openModule(DesignSessionImpl.java:405)
	at org.eclipse.birt.report.model.core.DesignSessionImpl.openModule(DesignSessionImpl.java:379)
	at org.eclipse.birt.report.model.api.ModuleUtil.checkVersion(ModuleUtil.java:641)
	at org.eclipse.birt.report.model.api.ModuleUtil.checkVersion(ModuleUtil.java:745)
	at org.eclipse.birt.report.designer.ui.editors.MultiPageReportEditor.addPages(MultiPageReportEditor.java:390)
	at org.eclipse.birt.report.designer.ui.editors.IDEMultiPageReportEditor.addPages(IDEMultiPageReportEditor.java:366)
	at org.eclipse.ui.forms.editor.FormEditor.createPages(FormEditor.java:140)
	at org.eclipse.ui.part.MultiPageEditorPart.createPartControl(MultiPageEditorPart.java:348)
	at org.eclipse.birt.report.designer.ui.editors.ReportEditorProxy.createPartControl(ReportEditorProxy.java:146)
	at org.eclipse.ui.internal.e4.compatibility.CompatibilityPart.createPartControl(CompatibilityPart.java:153)
	at org.eclipse.ui.internal.e4.compatibility.CompatibilityEditor.createPartControl(CompatibilityEditor.java:99)
	at org.eclipse.ui.internal.e4.compatibility.CompatibilityPart.create(CompatibilityPart.java:364)
	at java.base/jdk.internal.reflect.NativeMethodAccessorImpl.invoke0(Native Method)
	at java.base/jdk.internal.reflect.NativeMethodAccessorImpl.invoke(NativeMethodAccessorImpl.java:62)
	at java.base/jdk.internal.reflect.DelegatingMethodAccessorImpl.invoke(DelegatingMethodAccessorImpl.java:43)
	at java.base/java.lang.reflect.Method.invoke(Method.java:566)
	at org.eclipse.e4.core.internal.di.MethodRequestor.execute(MethodRequestor.java:55)
	at org.eclipse.e4.core.internal.di.InjectorImpl.processAnnotated(InjectorImpl.java:1005)
	at org.eclipse.e4.core.internal.di.InjectorImpl.processAnnotated(InjectorImpl.java:970)
	at org.eclipse.e4.core.internal.di.InjectorImpl.internalInject(InjectorImpl.java:137)
	at org.eclipse.e4.core.internal.di.InjectorImpl.internalMake(InjectorImpl.java:412)
	at org.eclipse.e4.core.internal.di.InjectorImpl.make(InjectorImpl.java:331)
	at org.eclipse.e4.core.contexts.ContextInjectionFactory.make(ContextInjectionFactory.java:190)
	at org.eclipse.e4.ui.internal.workbench.ReflectionContributionFactory.createFromBundle(ReflectionContributionFactory.java:105)
	at org.eclipse.e4.ui.internal.workbench.ReflectionContributionFactory.doCreate(ReflectionContributionFactory.java:74)
	at org.eclipse.e4.ui.internal.workbench.ReflectionContributionFactory.create(ReflectionContributionFactory.java:56)
	at org.eclipse.e4.ui.workbench.renderers.swt.ContributedPartRenderer.createWidget(ContributedPartRenderer.java:129)
	at org.eclipse.e4.ui.internal.workbench.swt.PartRenderingEngine.createWidget(PartRenderingEngine.java:1012)
	at org.eclipse.e4.ui.internal.workbench.swt.PartRenderingEngine.safeCreateGui(PartRenderingEngine.java:672)
	at org.eclipse.e4.ui.internal.workbench.swt.PartRenderingEngine.safeCreateGui(PartRenderingEngine.java:778)
	at org.eclipse.e4.ui.internal.workbench.swt.PartRenderingEngine.access$0(PartRenderingEngine.java:749)
	at org.eclipse.e4.ui.internal.workbench.swt.PartRenderingEngine$2.run(PartRenderingEngine.java:743)
	at org.eclipse.core.runtime.SafeRunner.run(SafeRunner.java:42)
	at org.eclipse.e4.ui.internal.workbench.swt.PartRenderingEngine.createGui(PartRenderingEngine.java:727)
	at org.eclipse.e4.ui.internal.workbench.PartServiceImpl$1.handleEvent(PartServiceImpl.java:104)
	at org.eclipse.e4.ui.services.internal.events.UIEventHandler$1.run(UIEventHandler.java:40)
	at org.eclipse.swt.widgets.Synchronizer.syncExec(Synchronizer.java:233)
	at org.eclipse.ui.internal.UISynchronizer.syncExec(UISynchronizer.java:144)
	at org.eclipse.swt.widgets.Display.syncExec(Display.java:5831)
	at org.eclipse.e4.ui.internal.workbench.swt.E4Application$1.syncExec(E4Application.java:212)
	at org.eclipse.e4.ui.services.internal.events.UIEventHandler.handleEvent(UIEventHandler.java:36)
	at org.eclipse.equinox.internal.event.EventHandlerWrapper.handleEvent(EventHandlerWrapper.java:201)
	at org.eclipse.equinox.internal.event.EventHandlerTracker.dispatchEvent(EventHandlerTracker.java:196)
	at org.eclipse.equinox.internal.event.EventHandlerTracker.dispatchEvent(EventHandlerTracker.java:1)
	at org.eclipse.osgi.framework.eventmgr.EventManager.dispatchEvent(EventManager.java:230)
	at org.eclipse.osgi.framework.eventmgr.ListenerQueue.dispatchEventSynchronous(ListenerQueue.java:148)
	at org.eclipse.equinox.internal.event.EventAdminImpl.dispatchEvent(EventAdminImpl.java:135)
	at org.eclipse.equinox.internal.event.EventAdminImpl.sendEvent(EventAdminImpl.java:78)
	at org.eclipse.equinox.internal.event.EventComponent.sendEvent(EventComponent.java:39)
	at org.eclipse.e4.ui.services.internal.events.EventBroker.send(EventBroker.java:52)
	at org.eclipse.e4.ui.internal.workbench.UIEventPublisher.notifyChanged(UIEventPublisher.java:60)
	at org.eclipse.emf.common.notify.impl.BasicNotifierImpl.eNotify(BasicNotifierImpl.java:374)
	at org.eclipse.e4.ui.model.application.ui.impl.ElementContainerImpl.setSelectedElement(ElementContainerImpl.java:174)
	at org.eclipse.e4.ui.internal.workbench.ModelServiceImpl.showElementInWindow(ModelServiceImpl.java:634)
	at org.eclipse.e4.ui.internal.workbench.ModelServiceImpl.bringToTop(ModelServiceImpl.java:598)
	at org.eclipse.e4.ui.internal.workbench.PartServiceImpl.delegateBringToTop(PartServiceImpl.java:788)
	at org.eclipse.e4.ui.internal.workbench.PartServiceImpl.bringToTop(PartServiceImpl.java:401)
	at org.eclipse.e4.ui.internal.workbench.PartServiceImpl.showPart(PartServiceImpl.java:1238)
	at org.eclipse.ui.internal.WorkbenchPage.busyOpenEditor(WorkbenchPage.java:3277)
	at org.eclipse.ui.internal.WorkbenchPage.access$26(WorkbenchPage.java:3192)
	at org.eclipse.ui.internal.WorkbenchPage$10.run(WorkbenchPage.java:3174)
	at org.eclipse.swt.custom.BusyIndicator.showWhile(BusyIndicator.java:71)
	at org.eclipse.ui.internal.WorkbenchPage.openEditor(WorkbenchPage.java:3169)
	at org.eclipse.ui.internal.WorkbenchPage.openEditor(WorkbenchPage.java:3133)
	at org.eclipse.ui.internal.WorkbenchPage.openEditor(WorkbenchPage.java:3123)
	at org.eclipse.ui.ide.IDE.openEditor(IDE.java:563)
	at org.eclipse.ui.ide.IDE.openEditor(IDE.java:518)
	at org.eclipse.ui.actions.OpenFileAction.openFile(OpenFileAction.java:100)
	at org.eclipse.ui.actions.OpenSystemEditorAction.run(OpenSystemEditorAction.java:97)
	at org.eclipse.ui.views.navigator.OpenActionGroup.runDefaultAction(OpenActionGroup.java:137)
	at org.eclipse.ui.views.navigator.MainActionGroup.runDefaultAction(MainActionGroup.java:325)
	at org.eclipse.ui.views.navigator.ResourceNavigator.handleOpen(ResourceNavigator.java:761)
	at org.eclipse.ui.views.navigator.ResourceNavigator$2.open(ResourceNavigator.java:477)
	at org.eclipse.ui.OpenAndLinkWithEditorHelper$InternalListener.open(OpenAndLinkWithEditorHelper.java:46)
	at org.eclipse.jface.viewers.StructuredViewer$2.run(StructuredViewer.java:850)
	at org.eclipse.core.runtime.SafeRunner.run(SafeRunner.java:42)
	at org.eclipse.ui.internal.JFaceUtil.lambda$0(JFaceUtil.java:44)
	at org.eclipse.jface.util.SafeRunnable.run(SafeRunnable.java:173)
	at org.eclipse.jface.viewers.StructuredViewer.fireOpen(StructuredViewer.java:847)
	at org.eclipse.jface.viewers.StructuredViewer.handleOpen(StructuredViewer.java:1162)
	at org.eclipse.jface.util.OpenStrategy.fireOpenEvent(OpenStrategy.java:273)
	at org.eclipse.jface.util.OpenStrategy.access$2(OpenStrategy.java:268)
	at org.eclipse.jface.util.OpenStrategy$1.handleEvent(OpenStrategy.java:308)
	at org.eclipse.swt.widgets.EventTable.sendEvent(EventTable.java:86)
	at org.eclipse.swt.widgets.Display.sendEvent(Display.java:5686)
	at org.eclipse.swt.widgets.Widget.sendEvent(Widget.java:1370)
	at org.eclipse.swt.widgets.Display.runDeferredEvents(Display.java:4940)
	at org.eclipse.swt.widgets.Display.readAndDispatch(Display.java:4518)
	at org.eclipse.e4.ui.internal.workbench.swt.PartRenderingEngine$5.run(PartRenderingEngine.java:1170)
	at org.eclipse.core.databinding.observable.Realm.runWithDefault(Realm.java:336)
	at org.eclipse.e4.ui.internal.workbench.swt.PartRenderingEngine.run(PartRenderingEngine.java:1059)
	at org.eclipse.e4.ui.internal.workbench.E4Workbench.createAndRunUI(E4Workbench.java:153)
	at org.eclipse.ui.internal.Workbench.lambda$3(Workbench.java:683)
	at org.eclipse.core.databinding.observable.Realm.runWithDefault(Realm.java:336)
	at org.eclipse.ui.internal.Workbench.createAndRunWorkbench(Workbench.java:597)
	at org.eclipse.ui.PlatformUI.createAndRunWorkbench(PlatformUI.java:148)
	at org.eclipse.ui.internal.ide.application.IDEApplication.start(IDEApplication.java:152)
	at org.eclipse.equinox.internal.app.EclipseAppHandle.run(EclipseAppHandle.java:196)
	at org.eclipse.core.runtime.internal.adaptor.EclipseAppLauncher.runApplication(EclipseAppLauncher.java:134)
	at org.eclipse.core.runtime.internal.adaptor.EclipseAppLauncher.start(EclipseAppLauncher.java:104)
	at org.eclipse.core.runtime.adaptor.EclipseStarter.run(EclipseStarter.java:388)
	at org.eclipse.core.runtime.adaptor.EclipseStarter.run(EclipseStarter.java:243)
	at java.base/jdk.internal.reflect.NativeMethodAccessorImpl.invoke0(Native Method)
	at java.base/jdk.internal.reflect.NativeMethodAccessorImpl.invoke(NativeMethodAccessorImpl.java:62)
	at java.base/jdk.internal.reflect.DelegatingMethodAccessorImpl.invoke(DelegatingMethodAccessorImpl.java:43)
	at java.base/java.lang.reflect.Method.invoke(Method.java:566)
	at org.eclipse.equinox.launcher.Main.invokeFramework(Main.java:656)
	at org.eclipse.equinox.launcher.Main.basicRun(Main.java:592)
	at org.eclipse.equinox.launcher.Main.run(Main.java:1498)
	at org.eclipse.equinox.launcher.Main.main(Main.java:1471)

mars 10, 2022 4:47:54 PM org.eclipse.birt.report.model.core.LayoutModule loadLibrarySilently
AVERTISSEMENT: Syntax error found, and see error details.
Error.DesignFileException.SYNTAX_ERROR - 1 errors found! 
1.)  org.eclipse.birt.report.model.parser.DesignParserException (code = Error.DesignParserException.FILE_NOT_FOUND, message : The file "SampleSource.rptlibrary" is not found.)

	at org.eclipse.birt.report.model.core.LayoutModule.loadLibrary(LayoutModule.java:379)
	at org.eclipse.birt.report.model.core.LayoutModule.loadLibrarySilently(LayoutModule.java:469)
	at org.eclipse.birt.report.model.parser.IncludedLibrariesStructureListState$IncludedLibraryStructureState.end(IncludedLibrariesStructureListState.java:145)
	at org.eclipse.birt.report.model.util.XMLParserHandler.endElement(XMLParserHandler.java:186)
	at java.xml/com.sun.org.apache.xerces.internal.parsers.AbstractSAXParser.endElement(AbstractSAXParser.java:610)
	at java.xml/com.sun.org.apache.xerces.internal.impl.XMLDocumentFragmentScannerImpl.scanEndElement(XMLDocumentFragmentScannerImpl.java:1718)
	at java.xml/com.sun.org.apache.xerces.internal.impl.XMLDocumentFragmentScannerImpl$FragmentContentDriver.next(XMLDocumentFragmentScannerImpl.java:2883)
	at java.xml/com.sun.org.apache.xerces.internal.impl.XMLDocumentScannerImpl.next(XMLDocumentScannerImpl.java:605)
	at java.xml/com.sun.org.apache.xerces.internal.impl.XMLDocumentFragmentScannerImpl.scanDocument(XMLDocumentFragmentScannerImpl.java:534)
	at java.xml/com.sun.org.apache.xerces.internal.parsers.XML11Configuration.parse(XML11Configuration.java:888)
	at java.xml/com.sun.org.apache.xerces.internal.parsers.XML11Configuration.parse(XML11Configuration.java:824)
	at java.xml/com.sun.org.apache.xerces.internal.parsers.XMLParser.parse(XMLParser.java:141)
	at java.xml/com.sun.org.apache.xerces.internal.parsers.AbstractSAXParser.parse(AbstractSAXParser.java:1216)
	at java.xml/com.sun.org.apache.xerces.internal.jaxp.SAXParserImpl$JAXPSAXParser.parse(SAXParserImpl.java:635)
	at java.xml/com.sun.org.apache.xerces.internal.jaxp.SAXParserImpl.parse(SAXParserImpl.java:324)
	at org.eclipse.birt.report.model.parser.ModuleReader.readModule(ModuleReader.java:98)
	at org.eclipse.birt.report.model.parser.GenericModuleReader.read(GenericModuleReader.java:84)
	at org.eclipse.birt.report.model.core.DesignSessionImpl.openModule(DesignSessionImpl.java:405)
	at org.eclipse.birt.report.model.core.DesignSessionImpl.openModule(DesignSessionImpl.java:379)
	at org.eclipse.birt.report.model.api.ModuleUtil.checkVersion(ModuleUtil.java:641)
	at org.eclipse.birt.report.model.api.ModuleUtil.checkVersion(ModuleUtil.java:745)
	at org.eclipse.birt.report.designer.ui.editors.MultiPageReportEditor.addPages(MultiPageReportEditor.java:390)
	at org.eclipse.birt.report.designer.ui.editors.IDEMultiPageReportEditor.addPages(IDEMultiPageReportEditor.java:366)
	at org.eclipse.ui.forms.editor.FormEditor.createPages(FormEditor.java:140)
	at org.eclipse.ui.part.MultiPageEditorPart.createPartControl(MultiPageEditorPart.java:348)
	at org.eclipse.birt.report.designer.ui.editors.ReportEditorProxy.createPartControl(ReportEditorProxy.java:146)
	at org.eclipse.ui.internal.e4.compatibility.CompatibilityPart.createPartControl(CompatibilityPart.java:153)
	at org.eclipse.ui.internal.e4.compatibility.CompatibilityEditor.createPartControl(CompatibilityEditor.java:99)
	at org.eclipse.ui.internal.e4.compatibility.CompatibilityPart.create(CompatibilityPart.java:364)
	at jdk.internal.reflect.GeneratedMethodAccessor101.invoke(Unknown Source)
	at java.base/jdk.internal.reflect.DelegatingMethodAccessorImpl.invoke(DelegatingMethodAccessorImpl.java:43)
	at java.base/java.lang.reflect.Method.invoke(Method.java:566)
	at org.eclipse.e4.core.internal.di.MethodRequestor.execute(MethodRequestor.java:55)
	at org.eclipse.e4.core.internal.di.InjectorImpl.processAnnotated(InjectorImpl.java:1005)
	at org.eclipse.e4.core.internal.di.InjectorImpl.processAnnotated(InjectorImpl.java:970)
	at org.eclipse.e4.core.internal.di.InjectorImpl.internalInject(InjectorImpl.java:137)
	at org.eclipse.e4.core.internal.di.InjectorImpl.internalMake(InjectorImpl.java:412)
	at org.eclipse.e4.core.internal.di.InjectorImpl.make(InjectorImpl.java:331)
	at org.eclipse.e4.core.contexts.ContextInjectionFactory.make(ContextInjectionFactory.java:190)
	at org.eclipse.e4.ui.internal.workbench.ReflectionContributionFactory.createFromBundle(ReflectionContributionFactory.java:105)
	at org.eclipse.e4.ui.internal.workbench.ReflectionContributionFactory.doCreate(ReflectionContributionFactory.java:74)
	at org.eclipse.e4.ui.internal.workbench.ReflectionContributionFactory.create(ReflectionContributionFactory.java:56)
	at org.eclipse.e4.ui.workbench.renderers.swt.ContributedPartRenderer.createWidget(ContributedPartRenderer.java:129)
	at org.eclipse.e4.ui.internal.workbench.swt.PartRenderingEngine.createWidget(PartRenderingEngine.java:1012)
	at org.eclipse.e4.ui.internal.workbench.swt.PartRenderingEngine.safeCreateGui(PartRenderingEngine.java:672)
	at org.eclipse.e4.ui.internal.workbench.swt.PartRenderingEngine.safeCreateGui(PartRenderingEngine.java:778)
	at org.eclipse.e4.ui.internal.workbench.swt.PartRenderingEngine.access$0(PartRenderingEngine.java:749)
	at org.eclipse.e4.ui.internal.workbench.swt.PartRenderingEngine$2.run(PartRenderingEngine.java:743)
	at org.eclipse.core.runtime.SafeRunner.run(SafeRunner.java:42)
	at org.eclipse.e4.ui.internal.workbench.swt.PartRenderingEngine.createGui(PartRenderingEngine.java:727)
	at org.eclipse.e4.ui.internal.workbench.PartServiceImpl$1.handleEvent(PartServiceImpl.java:104)
	at org.eclipse.e4.ui.services.internal.events.UIEventHandler$1.run(UIEventHandler.java:40)
	at org.eclipse.swt.widgets.Synchronizer.syncExec(Synchronizer.java:233)
	at org.eclipse.ui.internal.UISynchronizer.syncExec(UISynchronizer.java:144)
	at org.eclipse.swt.widgets.Display.syncExec(Display.java:5831)
	at org.eclipse.e4.ui.internal.workbench.swt.E4Application$1.syncExec(E4Application.java:212)
	at org.eclipse.e4.ui.services.internal.events.UIEventHandler.handleEvent(UIEventHandler.java:36)
	at org.eclipse.equinox.internal.event.EventHandlerWrapper.handleEvent(EventHandlerWrapper.java:201)
	at org.eclipse.equinox.internal.event.EventHandlerTracker.dispatchEvent(EventHandlerTracker.java:196)
	at org.eclipse.equinox.internal.event.EventHandlerTracker.dispatchEvent(EventHandlerTracker.java:1)
	at org.eclipse.osgi.framework.eventmgr.EventManager.dispatchEvent(EventManager.java:230)
	at org.eclipse.osgi.framework.eventmgr.ListenerQueue.dispatchEventSynchronous(ListenerQueue.java:148)
	at org.eclipse.equinox.internal.event.EventAdminImpl.dispatchEvent(EventAdminImpl.java:135)
	at org.eclipse.equinox.internal.event.EventAdminImpl.sendEvent(EventAdminImpl.java:78)
	at org.eclipse.equinox.internal.event.EventComponent.sendEvent(EventComponent.java:39)
	at org.eclipse.e4.ui.services.internal.events.EventBroker.send(EventBroker.java:52)
	at org.eclipse.e4.ui.internal.workbench.UIEventPublisher.notifyChanged(UIEventPublisher.java:60)
	at org.eclipse.emf.common.notify.impl.BasicNotifierImpl.eNotify(BasicNotifierImpl.java:374)
	at org.eclipse.e4.ui.model.application.ui.impl.ElementContainerImpl.setSelectedElement(ElementContainerImpl.java:174)
	at org.eclipse.e4.ui.internal.workbench.ModelServiceImpl.showElementInWindow(ModelServiceImpl.java:634)
	at org.eclipse.e4.ui.internal.workbench.ModelServiceImpl.bringToTop(ModelServiceImpl.java:598)
	at org.eclipse.e4.ui.internal.workbench.PartServiceImpl.delegateBringToTop(PartServiceImpl.java:788)
	at org.eclipse.e4.ui.internal.workbench.PartServiceImpl.bringToTop(PartServiceImpl.java:401)
	at org.eclipse.e4.ui.internal.workbench.PartServiceImpl.showPart(PartServiceImpl.java:1238)
	at org.eclipse.ui.internal.WorkbenchPage.busyOpenEditor(WorkbenchPage.java:3277)
	at org.eclipse.ui.internal.WorkbenchPage.access$26(WorkbenchPage.java:3192)
	at org.eclipse.ui.internal.WorkbenchPage$10.run(WorkbenchPage.java:3174)
	at org.eclipse.swt.custom.BusyIndicator.showWhile(BusyIndicator.java:71)
	at org.eclipse.ui.internal.WorkbenchPage.openEditor(WorkbenchPage.java:3169)
	at org.eclipse.ui.internal.WorkbenchPage.openEditor(WorkbenchPage.java:3133)
	at org.eclipse.ui.internal.WorkbenchPage.openEditor(WorkbenchPage.java:3123)
	at org.eclipse.ui.ide.IDE.openEditor(IDE.java:563)
	at org.eclipse.ui.ide.IDE.openEditor(IDE.java:518)
	at org.eclipse.ui.actions.OpenFileAction.openFile(OpenFileAction.java:100)
	at org.eclipse.ui.actions.OpenSystemEditorAction.run(OpenSystemEditorAction.java:97)
	at org.eclipse.ui.views.navigator.OpenActionGroup.runDefaultAction(OpenActionGroup.java:137)
	at org.eclipse.ui.views.navigator.MainActionGroup.runDefaultAction(MainActionGroup.java:325)
	at org.eclipse.ui.views.navigator.ResourceNavigator.handleOpen(ResourceNavigator.java:761)
	at org.eclipse.ui.views.navigator.ResourceNavigator$2.open(ResourceNavigator.java:477)
	at org.eclipse.ui.OpenAndLinkWithEditorHelper$InternalListener.open(OpenAndLinkWithEditorHelper.java:46)
	at org.eclipse.jface.viewers.StructuredViewer$2.run(StructuredViewer.java:850)
	at org.eclipse.core.runtime.SafeRunner.run(SafeRunner.java:42)
	at org.eclipse.ui.internal.JFaceUtil.lambda$0(JFaceUtil.java:44)
	at org.eclipse.jface.util.SafeRunnable.run(SafeRunnable.java:173)
	at org.eclipse.jface.viewers.StructuredViewer.fireOpen(StructuredViewer.java:847)
	at org.eclipse.jface.viewers.StructuredViewer.handleOpen(StructuredViewer.java:1162)
	at org.eclipse.jface.util.OpenStrategy.fireOpenEvent(OpenStrategy.java:273)
	at org.eclipse.jface.util.OpenStrategy.access$2(OpenStrategy.java:268)
	at org.eclipse.jface.util.OpenStrategy$1.handleEvent(OpenStrategy.java:308)
	at org.eclipse.swt.widgets.EventTable.sendEvent(EventTable.java:86)
	at org.eclipse.swt.widgets.Display.sendEvent(Display.java:5686)
	at org.eclipse.swt.widgets.Widget.sendEvent(Widget.java:1370)
	at org.eclipse.swt.widgets.Display.runDeferredEvents(Display.java:4940)
	at org.eclipse.swt.widgets.Display.readAndDispatch(Display.java:4518)
	at org.eclipse.e4.ui.internal.workbench.swt.PartRenderingEngine$5.run(PartRenderingEngine.java:1170)
	at org.eclipse.core.databinding.observable.Realm.runWithDefault(Realm.java:336)
	at org.eclipse.e4.ui.internal.workbench.swt.PartRenderingEngine.run(PartRenderingEngine.java:1059)
	at org.eclipse.e4.ui.internal.workbench.E4Workbench.createAndRunUI(E4Workbench.java:153)
	at org.eclipse.ui.internal.Workbench.lambda$3(Workbench.java:683)
	at org.eclipse.core.databinding.observable.Realm.runWithDefault(Realm.java:336)
	at org.eclipse.ui.internal.Workbench.createAndRunWorkbench(Workbench.java:597)
	at org.eclipse.ui.PlatformUI.createAndRunWorkbench(PlatformUI.java:148)
	at org.eclipse.ui.internal.ide.application.IDEApplication.start(IDEApplication.java:152)
	at org.eclipse.equinox.internal.app.EclipseAppHandle.run(EclipseAppHandle.java:196)
	at org.eclipse.core.runtime.internal.adaptor.EclipseAppLauncher.runApplication(EclipseAppLauncher.java:134)
	at org.eclipse.core.runtime.internal.adaptor.EclipseAppLauncher.start(EclipseAppLauncher.java:104)
	at org.eclipse.core.runtime.adaptor.EclipseStarter.run(EclipseStarter.java:388)
	at org.eclipse.core.runtime.adaptor.EclipseStarter.run(EclipseStarter.java:243)
	at java.base/jdk.internal.reflect.NativeMethodAccessorImpl.invoke0(Native Method)
	at java.base/jdk.internal.reflect.NativeMethodAccessorImpl.invoke(NativeMethodAccessorImpl.java:62)
	at java.base/jdk.internal.reflect.DelegatingMethodAccessorImpl.invoke(DelegatingMethodAccessorImpl.java:43)
	at java.base/java.lang.reflect.Method.invoke(Method.java:566)
	at org.eclipse.equinox.launcher.Main.invokeFramework(Main.java:656)
	at org.eclipse.equinox.launcher.Main.basicRun(Main.java:592)
	at org.eclipse.equinox.launcher.Main.run(Main.java:1498)
	at org.eclipse.equinox.launcher.Main.main(Main.java:1471)

mars 11, 2022 9:32:20 AM org.eclipse.birt.report.model.core.LayoutModule loadLibrarySilently
AVERTISSEMENT: Syntax error found, and see error details.
Error.DesignFileException.SYNTAX_ERROR - 1 errors found! 
1.)  org.eclipse.birt.report.model.parser.DesignParserException (code = Error.DesignParserException.FILE_NOT_FOUND, message : The file "SampleSource.rptlibrary" is not found.)

	at org.eclipse.birt.report.model.core.LayoutModule.loadLibrary(LayoutModule.java:379)
	at org.eclipse.birt.report.model.core.LayoutModule.loadLibrarySilently(LayoutModule.java:469)
	at org.eclipse.birt.report.model.parser.IncludedLibrariesStructureListState$IncludedLibraryStructureState.end(IncludedLibrariesStructureListState.java:145)
	at org.eclipse.birt.report.model.util.XMLParserHandler.endElement(XMLParserHandler.java:186)
	at java.xml/com.sun.org.apache.xerces.internal.parsers.AbstractSAXParser.endElement(AbstractSAXParser.java:610)
	at java.xml/com.sun.org.apache.xerces.internal.impl.XMLDocumentFragmentScannerImpl.scanEndElement(XMLDocumentFragmentScannerImpl.java:1718)
	at java.xml/com.sun.org.apache.xerces.internal.impl.XMLDocumentFragmentScannerImpl$FragmentContentDriver.next(XMLDocumentFragmentScannerImpl.java:2883)
	at java.xml/com.sun.org.apache.xerces.internal.impl.XMLDocumentScannerImpl.next(XMLDocumentScannerImpl.java:605)
	at java.xml/com.sun.org.apache.xerces.internal.impl.XMLDocumentFragmentScannerImpl.scanDocument(XMLDocumentFragmentScannerImpl.java:534)
	at java.xml/com.sun.org.apache.xerces.internal.parsers.XML11Configuration.parse(XML11Configuration.java:888)
	at java.xml/com.sun.org.apache.xerces.internal.parsers.XML11Configuration.parse(XML11Configuration.java:824)
	at java.xml/com.sun.org.apache.xerces.internal.parsers.XMLParser.parse(XMLParser.java:141)
	at java.xml/com.sun.org.apache.xerces.internal.parsers.AbstractSAXParser.parse(AbstractSAXParser.java:1216)
	at java.xml/com.sun.org.apache.xerces.internal.jaxp.SAXParserImpl$JAXPSAXParser.parse(SAXParserImpl.java:635)
	at java.xml/com.sun.org.apache.xerces.internal.jaxp.SAXParserImpl.parse(SAXParserImpl.java:324)
	at org.eclipse.birt.report.model.parser.ModuleReader.readModule(ModuleReader.java:98)
	at org.eclipse.birt.report.model.parser.GenericModuleReader.read(GenericModuleReader.java:84)
	at org.eclipse.birt.report.model.core.DesignSessionImpl.openModule(DesignSessionImpl.java:405)
	at org.eclipse.birt.report.model.core.DesignSessionImpl.openModule(DesignSessionImpl.java:379)
	at org.eclipse.birt.report.model.api.ModuleUtil.checkVersion(ModuleUtil.java:641)
	at org.eclipse.birt.report.model.api.ModuleUtil.checkVersion(ModuleUtil.java:745)
	at org.eclipse.birt.report.designer.ui.editors.MultiPageReportEditor.addPages(MultiPageReportEditor.java:390)
	at org.eclipse.birt.report.designer.ui.editors.IDEMultiPageReportEditor.addPages(IDEMultiPageReportEditor.java:366)
	at org.eclipse.ui.forms.editor.FormEditor.createPages(FormEditor.java:140)
	at org.eclipse.ui.part.MultiPageEditorPart.createPartControl(MultiPageEditorPart.java:348)
	at org.eclipse.birt.report.designer.ui.editors.ReportEditorProxy.createPartControl(ReportEditorProxy.java:146)
	at org.eclipse.ui.internal.e4.compatibility.CompatibilityPart.createPartControl(CompatibilityPart.java:153)
	at org.eclipse.ui.internal.e4.compatibility.CompatibilityEditor.createPartControl(CompatibilityEditor.java:99)
	at org.eclipse.ui.internal.e4.compatibility.CompatibilityPart.create(CompatibilityPart.java:364)
	at jdk.internal.reflect.GeneratedMethodAccessor101.invoke(Unknown Source)
	at java.base/jdk.internal.reflect.DelegatingMethodAccessorImpl.invoke(DelegatingMethodAccessorImpl.java:43)
	at java.base/java.lang.reflect.Method.invoke(Method.java:566)
	at org.eclipse.e4.core.internal.di.MethodRequestor.execute(MethodRequestor.java:55)
	at org.eclipse.e4.core.internal.di.InjectorImpl.processAnnotated(InjectorImpl.java:1005)
	at org.eclipse.e4.core.internal.di.InjectorImpl.processAnnotated(InjectorImpl.java:970)
	at org.eclipse.e4.core.internal.di.InjectorImpl.internalInject(InjectorImpl.java:137)
	at org.eclipse.e4.core.internal.di.InjectorImpl.internalMake(InjectorImpl.java:412)
	at org.eclipse.e4.core.internal.di.InjectorImpl.make(InjectorImpl.java:331)
	at org.eclipse.e4.core.contexts.ContextInjectionFactory.make(ContextInjectionFactory.java:190)
	at org.eclipse.e4.ui.internal.workbench.ReflectionContributionFactory.createFromBundle(ReflectionContributionFactory.java:105)
	at org.eclipse.e4.ui.internal.workbench.ReflectionContributionFactory.doCreate(ReflectionContributionFactory.java:74)
	at org.eclipse.e4.ui.internal.workbench.ReflectionContributionFactory.create(ReflectionContributionFactory.java:56)
	at org.eclipse.e4.ui.workbench.renderers.swt.ContributedPartRenderer.createWidget(ContributedPartRenderer.java:129)
	at org.eclipse.e4.ui.internal.workbench.swt.PartRenderingEngine.createWidget(PartRenderingEngine.java:1012)
	at org.eclipse.e4.ui.internal.workbench.swt.PartRenderingEngine.safeCreateGui(PartRenderingEngine.java:672)
	at org.eclipse.e4.ui.internal.workbench.swt.PartRenderingEngine.safeCreateGui(PartRenderingEngine.java:778)
	at org.eclipse.e4.ui.internal.workbench.swt.PartRenderingEngine.access$0(PartRenderingEngine.java:749)
	at org.eclipse.e4.ui.internal.workbench.swt.PartRenderingEngine$2.run(PartRenderingEngine.java:743)
	at org.eclipse.core.runtime.SafeRunner.run(SafeRunner.java:42)
	at org.eclipse.e4.ui.internal.workbench.swt.PartRenderingEngine.createGui(PartRenderingEngine.java:727)
	at org.eclipse.e4.ui.internal.workbench.PartServiceImpl$1.handleEvent(PartServiceImpl.java:104)
	at org.eclipse.e4.ui.services.internal.events.UIEventHandler$1.run(UIEventHandler.java:40)
	at org.eclipse.swt.widgets.Synchronizer.syncExec(Synchronizer.java:233)
	at org.eclipse.ui.internal.UISynchronizer.syncExec(UISynchronizer.java:144)
	at org.eclipse.swt.widgets.Display.syncExec(Display.java:5831)
	at org.eclipse.e4.ui.internal.workbench.swt.E4Application$1.syncExec(E4Application.java:212)
	at org.eclipse.e4.ui.services.internal.events.UIEventHandler.handleEvent(UIEventHandler.java:36)
	at org.eclipse.equinox.internal.event.EventHandlerWrapper.handleEvent(EventHandlerWrapper.java:201)
	at org.eclipse.equinox.internal.event.EventHandlerTracker.dispatchEvent(EventHandlerTracker.java:196)
	at org.eclipse.equinox.internal.event.EventHandlerTracker.dispatchEvent(EventHandlerTracker.java:1)
	at org.eclipse.osgi.framework.eventmgr.EventManager.dispatchEvent(EventManager.java:230)
	at org.eclipse.osgi.framework.eventmgr.ListenerQueue.dispatchEventSynchronous(ListenerQueue.java:148)
	at org.eclipse.equinox.internal.event.EventAdminImpl.dispatchEvent(EventAdminImpl.java:135)
	at org.eclipse.equinox.internal.event.EventAdminImpl.sendEvent(EventAdminImpl.java:78)
	at org.eclipse.equinox.internal.event.EventComponent.sendEvent(EventComponent.java:39)
	at org.eclipse.e4.ui.services.internal.events.EventBroker.send(EventBroker.java:52)
	at org.eclipse.e4.ui.internal.workbench.UIEventPublisher.notifyChanged(UIEventPublisher.java:60)
	at org.eclipse.emf.common.notify.impl.BasicNotifierImpl.eNotify(BasicNotifierImpl.java:374)
	at org.eclipse.e4.ui.model.application.ui.impl.ElementContainerImpl.setSelectedElement(ElementContainerImpl.java:174)
	at org.eclipse.e4.ui.internal.workbench.ModelServiceImpl.showElementInWindow(ModelServiceImpl.java:634)
	at org.eclipse.e4.ui.internal.workbench.ModelServiceImpl.bringToTop(ModelServiceImpl.java:598)
	at org.eclipse.e4.ui.internal.workbench.PartServiceImpl.delegateBringToTop(PartServiceImpl.java:788)
	at org.eclipse.e4.ui.internal.workbench.PartServiceImpl.bringToTop(PartServiceImpl.java:401)
	at org.eclipse.e4.ui.internal.workbench.PartServiceImpl.showPart(PartServiceImpl.java:1238)
	at org.eclipse.ui.internal.WorkbenchPage.busyOpenEditor(WorkbenchPage.java:3277)
	at org.eclipse.ui.internal.WorkbenchPage.access$26(WorkbenchPage.java:3192)
	at org.eclipse.ui.internal.WorkbenchPage$10.run(WorkbenchPage.java:3174)
	at org.eclipse.swt.custom.BusyIndicator.showWhile(BusyIndicator.java:71)
	at org.eclipse.ui.internal.WorkbenchPage.openEditor(WorkbenchPage.java:3169)
	at org.eclipse.ui.internal.WorkbenchPage.openEditor(WorkbenchPage.java:3133)
	at org.eclipse.ui.internal.WorkbenchPage.openEditor(WorkbenchPage.java:3123)
	at org.eclipse.ui.ide.IDE.openEditor(IDE.java:563)
	at org.eclipse.ui.ide.IDE.openEditor(IDE.java:518)
	at org.eclipse.ui.actions.OpenFileAction.openFile(OpenFileAction.java:100)
	at org.eclipse.ui.actions.OpenSystemEditorAction.run(OpenSystemEditorAction.java:97)
	at org.eclipse.ui.views.navigator.OpenActionGroup.runDefaultAction(OpenActionGroup.java:137)
	at org.eclipse.ui.views.navigator.MainActionGroup.runDefaultAction(MainActionGroup.java:325)
	at org.eclipse.ui.views.navigator.ResourceNavigator.handleOpen(ResourceNavigator.java:761)
	at org.eclipse.ui.views.navigator.ResourceNavigator$2.open(ResourceNavigator.java:477)
	at org.eclipse.ui.OpenAndLinkWithEditorHelper$InternalListener.open(OpenAndLinkWithEditorHelper.java:46)
	at org.eclipse.jface.viewers.StructuredViewer$2.run(StructuredViewer.java:850)
	at org.eclipse.core.runtime.SafeRunner.run(SafeRunner.java:42)
	at org.eclipse.ui.internal.JFaceUtil.lambda$0(JFaceUtil.java:44)
	at org.eclipse.jface.util.SafeRunnable.run(SafeRunnable.java:173)
	at org.eclipse.jface.viewers.StructuredViewer.fireOpen(StructuredViewer.java:847)
	at org.eclipse.jface.viewers.StructuredViewer.handleOpen(StructuredViewer.java:1162)
	at org.eclipse.jface.util.OpenStrategy.fireOpenEvent(OpenStrategy.java:273)
	at org.eclipse.jface.util.OpenStrategy.access$2(OpenStrategy.java:268)
	at org.eclipse.jface.util.OpenStrategy$1.handleEvent(OpenStrategy.java:308)
	at org.eclipse.swt.widgets.EventTable.sendEvent(EventTable.java:86)
	at org.eclipse.swt.widgets.Display.sendEvent(Display.java:5686)
	at org.eclipse.swt.widgets.Widget.sendEvent(Widget.java:1370)
	at org.eclipse.swt.widgets.Display.runDeferredEvents(Display.java:4940)
	at org.eclipse.swt.widgets.Display.readAndDispatch(Display.java:4518)
	at org.eclipse.e4.ui.internal.workbench.swt.PartRenderingEngine$5.run(PartRenderingEngine.java:1170)
	at org.eclipse.core.databinding.observable.Realm.runWithDefault(Realm.java:336)
	at org.eclipse.e4.ui.internal.workbench.swt.PartRenderingEngine.run(PartRenderingEngine.java:1059)
	at org.eclipse.e4.ui.internal.workbench.E4Workbench.createAndRunUI(E4Workbench.java:153)
	at org.eclipse.ui.internal.Workbench.lambda$3(Workbench.java:683)
	at org.eclipse.core.databinding.observable.Realm.runWithDefault(Realm.java:336)
	at org.eclipse.ui.internal.Workbench.createAndRunWorkbench(Workbench.java:597)
	at org.eclipse.ui.PlatformUI.createAndRunWorkbench(PlatformUI.java:148)
	at org.eclipse.ui.internal.ide.application.IDEApplication.start(IDEApplication.java:152)
	at org.eclipse.equinox.internal.app.EclipseAppHandle.run(EclipseAppHandle.java:196)
	at org.eclipse.core.runtime.internal.adaptor.EclipseAppLauncher.runApplication(EclipseAppLauncher.java:134)
	at org.eclipse.core.runtime.internal.adaptor.EclipseAppLauncher.start(EclipseAppLauncher.java:104)
	at org.eclipse.core.runtime.adaptor.EclipseStarter.run(EclipseStarter.java:388)
	at org.eclipse.core.runtime.adaptor.EclipseStarter.run(EclipseStarter.java:243)
	at java.base/jdk.internal.reflect.NativeMethodAccessorImpl.invoke0(Native Method)
	at java.base/jdk.internal.reflect.NativeMethodAccessorImpl.invoke(NativeMethodAccessorImpl.java:62)
	at java.base/jdk.internal.reflect.DelegatingMethodAccessorImpl.invoke(DelegatingMethodAccessorImpl.java:43)
	at java.base/java.lang.reflect.Method.invoke(Method.java:566)
	at org.eclipse.equinox.launcher.Main.invokeFramework(Main.java:656)
	at org.eclipse.equinox.launcher.Main.basicRun(Main.java:592)
	at org.eclipse.equinox.launcher.Main.run(Main.java:1498)
	at org.eclipse.equinox.launcher.Main.main(Main.java:1471)

mars 11, 2022 12:22:38 PM org.eclipse.birt.report.model.core.LayoutModule loadLibrarySilently
AVERTISSEMENT: Syntax error found, and see error details.
Error.DesignFileException.SYNTAX_ERROR - 1 errors found! 
1.)  org.eclipse.birt.report.model.parser.DesignParserException (code = Error.DesignParserException.FILE_NOT_FOUND, message : The file "SampleSource.rptlibrary" is not found.)

	at org.eclipse.birt.report.model.core.LayoutModule.loadLibrary(LayoutModule.java:379)
	at org.eclipse.birt.report.model.core.LayoutModule.loadLibrarySilently(LayoutModule.java:469)
	at org.eclipse.birt.report.model.parser.IncludedLibrariesStructureListState$IncludedLibraryStructureState.end(IncludedLibrariesStructureListState.java:145)
	at org.eclipse.birt.report.model.util.XMLParserHandler.endElement(XMLParserHandler.java:186)
	at java.xml/com.sun.org.apache.xerces.internal.parsers.AbstractSAXParser.endElement(AbstractSAXParser.java:610)
	at java.xml/com.sun.org.apache.xerces.internal.impl.XMLDocumentFragmentScannerImpl.scanEndElement(XMLDocumentFragmentScannerImpl.java:1718)
	at java.xml/com.sun.org.apache.xerces.internal.impl.XMLDocumentFragmentScannerImpl$FragmentContentDriver.next(XMLDocumentFragmentScannerImpl.java:2883)
	at java.xml/com.sun.org.apache.xerces.internal.impl.XMLDocumentScannerImpl.next(XMLDocumentScannerImpl.java:605)
	at java.xml/com.sun.org.apache.xerces.internal.impl.XMLDocumentFragmentScannerImpl.scanDocument(XMLDocumentFragmentScannerImpl.java:534)
	at java.xml/com.sun.org.apache.xerces.internal.parsers.XML11Configuration.parse(XML11Configuration.java:888)
	at java.xml/com.sun.org.apache.xerces.internal.parsers.XML11Configuration.parse(XML11Configuration.java:824)
	at java.xml/com.sun.org.apache.xerces.internal.parsers.XMLParser.parse(XMLParser.java:141)
	at java.xml/com.sun.org.apache.xerces.internal.parsers.AbstractSAXParser.parse(AbstractSAXParser.java:1216)
	at java.xml/com.sun.org.apache.xerces.internal.jaxp.SAXParserImpl$JAXPSAXParser.parse(SAXParserImpl.java:635)
	at java.xml/com.sun.org.apache.xerces.internal.jaxp.SAXParserImpl.parse(SAXParserImpl.java:324)
	at org.eclipse.birt.report.model.parser.ModuleReader.readModule(ModuleReader.java:98)
	at org.eclipse.birt.report.model.parser.GenericModuleReader.read(GenericModuleReader.java:84)
	at org.eclipse.birt.report.model.core.DesignSessionImpl.openModule(DesignSessionImpl.java:405)
	at org.eclipse.birt.report.model.core.DesignSessionImpl.openModule(DesignSessionImpl.java:379)
	at org.eclipse.birt.report.model.api.ModuleUtil.checkVersion(ModuleUtil.java:641)
	at org.eclipse.birt.report.model.api.ModuleUtil.checkVersion(ModuleUtil.java:745)
	at org.eclipse.birt.report.designer.ui.editors.MultiPageReportEditor.addPages(MultiPageReportEditor.java:390)
	at org.eclipse.birt.report.designer.ui.editors.IDEMultiPageReportEditor.addPages(IDEMultiPageReportEditor.java:366)
	at org.eclipse.ui.forms.editor.FormEditor.createPages(FormEditor.java:140)
	at org.eclipse.ui.part.MultiPageEditorPart.createPartControl(MultiPageEditorPart.java:348)
	at org.eclipse.birt.report.designer.ui.editors.ReportEditorProxy.createPartControl(ReportEditorProxy.java:146)
	at org.eclipse.ui.internal.e4.compatibility.CompatibilityPart.createPartControl(CompatibilityPart.java:153)
	at org.eclipse.ui.internal.e4.compatibility.CompatibilityEditor.createPartControl(CompatibilityEditor.java:99)
	at org.eclipse.ui.internal.e4.compatibility.CompatibilityPart.create(CompatibilityPart.java:364)
	at jdk.internal.reflect.GeneratedMethodAccessor101.invoke(Unknown Source)
	at java.base/jdk.internal.reflect.DelegatingMethodAccessorImpl.invoke(DelegatingMethodAccessorImpl.java:43)
	at java.base/java.lang.reflect.Method.invoke(Method.java:566)
	at org.eclipse.e4.core.internal.di.MethodRequestor.execute(MethodRequestor.java:55)
	at org.eclipse.e4.core.internal.di.InjectorImpl.processAnnotated(InjectorImpl.java:1005)
	at org.eclipse.e4.core.internal.di.InjectorImpl.processAnnotated(InjectorImpl.java:970)
	at org.eclipse.e4.core.internal.di.InjectorImpl.internalInject(InjectorImpl.java:137)
	at org.eclipse.e4.core.internal.di.InjectorImpl.internalMake(InjectorImpl.java:412)
	at org.eclipse.e4.core.internal.di.InjectorImpl.make(InjectorImpl.java:331)
	at org.eclipse.e4.core.contexts.ContextInjectionFactory.make(ContextInjectionFactory.java:190)
	at org.eclipse.e4.ui.internal.workbench.ReflectionContributionFactory.createFromBundle(ReflectionContributionFactory.java:105)
	at org.eclipse.e4.ui.internal.workbench.ReflectionContributionFactory.doCreate(ReflectionContributionFactory.java:74)
	at org.eclipse.e4.ui.internal.workbench.ReflectionContributionFactory.create(ReflectionContributionFactory.java:56)
	at org.eclipse.e4.ui.workbench.renderers.swt.ContributedPartRenderer.createWidget(ContributedPartRenderer.java:129)
	at org.eclipse.e4.ui.internal.workbench.swt.PartRenderingEngine.createWidget(PartRenderingEngine.java:1012)
	at org.eclipse.e4.ui.internal.workbench.swt.PartRenderingEngine.safeCreateGui(PartRenderingEngine.java:672)
	at org.eclipse.e4.ui.internal.workbench.swt.PartRenderingEngine.safeCreateGui(PartRenderingEngine.java:778)
	at org.eclipse.e4.ui.internal.workbench.swt.PartRenderingEngine.access$0(PartRenderingEngine.java:749)
	at org.eclipse.e4.ui.internal.workbench.swt.PartRenderingEngine$2.run(PartRenderingEngine.java:743)
	at org.eclipse.core.runtime.SafeRunner.run(SafeRunner.java:42)
	at org.eclipse.e4.ui.internal.workbench.swt.PartRenderingEngine.createGui(PartRenderingEngine.java:727)
	at org.eclipse.e4.ui.internal.workbench.PartServiceImpl$1.handleEvent(PartServiceImpl.java:104)
	at org.eclipse.e4.ui.services.internal.events.UIEventHandler$1.run(UIEventHandler.java:40)
	at org.eclipse.swt.widgets.Synchronizer.syncExec(Synchronizer.java:233)
	at org.eclipse.ui.internal.UISynchronizer.syncExec(UISynchronizer.java:144)
	at org.eclipse.swt.widgets.Display.syncExec(Display.java:5831)
	at org.eclipse.e4.ui.internal.workbench.swt.E4Application$1.syncExec(E4Application.java:212)
	at org.eclipse.e4.ui.services.internal.events.UIEventHandler.handleEvent(UIEventHandler.java:36)
	at org.eclipse.equinox.internal.event.EventHandlerWrapper.handleEvent(EventHandlerWrapper.java:201)
	at org.eclipse.equinox.internal.event.EventHandlerTracker.dispatchEvent(EventHandlerTracker.java:196)
	at org.eclipse.equinox.internal.event.EventHandlerTracker.dispatchEvent(EventHandlerTracker.java:1)
	at org.eclipse.osgi.framework.eventmgr.EventManager.dispatchEvent(EventManager.java:230)
	at org.eclipse.osgi.framework.eventmgr.ListenerQueue.dispatchEventSynchronous(ListenerQueue.java:148)
	at org.eclipse.equinox.internal.event.EventAdminImpl.dispatchEvent(EventAdminImpl.java:135)
	at org.eclipse.equinox.internal.event.EventAdminImpl.sendEvent(EventAdminImpl.java:78)
	at org.eclipse.equinox.internal.event.EventComponent.sendEvent(EventComponent.java:39)
	at org.eclipse.e4.ui.services.internal.events.EventBroker.send(EventBroker.java:52)
	at org.eclipse.e4.ui.internal.workbench.UIEventPublisher.notifyChanged(UIEventPublisher.java:60)
	at org.eclipse.emf.common.notify.impl.BasicNotifierImpl.eNotify(BasicNotifierImpl.java:374)
	at org.eclipse.e4.ui.model.application.ui.impl.ElementContainerImpl.setSelectedElement(ElementContainerImpl.java:174)
	at org.eclipse.e4.ui.internal.workbench.ModelServiceImpl.showElementInWindow(ModelServiceImpl.java:634)
	at org.eclipse.e4.ui.internal.workbench.ModelServiceImpl.bringToTop(ModelServiceImpl.java:598)
	at org.eclipse.e4.ui.internal.workbench.PartServiceImpl.delegateBringToTop(PartServiceImpl.java:788)
	at org.eclipse.e4.ui.internal.workbench.PartServiceImpl.bringToTop(PartServiceImpl.java:401)
	at org.eclipse.e4.ui.internal.workbench.PartServiceImpl.showPart(PartServiceImpl.java:1238)
	at org.eclipse.ui.internal.WorkbenchPage.busyOpenEditor(WorkbenchPage.java:3277)
	at org.eclipse.ui.internal.WorkbenchPage.access$26(WorkbenchPage.java:3192)
	at org.eclipse.ui.internal.WorkbenchPage$10.run(WorkbenchPage.java:3174)
	at org.eclipse.swt.custom.BusyIndicator.showWhile(BusyIndicator.java:71)
	at org.eclipse.ui.internal.WorkbenchPage.openEditor(WorkbenchPage.java:3169)
	at org.eclipse.ui.internal.WorkbenchPage.openEditor(WorkbenchPage.java:3133)
	at org.eclipse.ui.internal.WorkbenchPage.openEditor(WorkbenchPage.java:3123)
	at org.eclipse.ui.ide.IDE.openEditor(IDE.java:563)
	at org.eclipse.ui.ide.IDE.openEditor(IDE.java:518)
	at org.eclipse.ui.actions.OpenFileAction.openFile(OpenFileAction.java:100)
	at org.eclipse.ui.actions.OpenSystemEditorAction.run(OpenSystemEditorAction.java:97)
	at org.eclipse.ui.views.navigator.OpenActionGroup.runDefaultAction(OpenActionGroup.java:137)
	at org.eclipse.ui.views.navigator.MainActionGroup.runDefaultAction(MainActionGroup.java:325)
	at org.eclipse.ui.views.navigator.ResourceNavigator.handleOpen(ResourceNavigator.java:761)
	at org.eclipse.ui.views.navigator.ResourceNavigator$2.open(ResourceNavigator.java:477)
	at org.eclipse.ui.OpenAndLinkWithEditorHelper$InternalListener.open(OpenAndLinkWithEditorHelper.java:46)
	at org.eclipse.jface.viewers.StructuredViewer$2.run(StructuredViewer.java:850)
	at org.eclipse.core.runtime.SafeRunner.run(SafeRunner.java:42)
	at org.eclipse.ui.internal.JFaceUtil.lambda$0(JFaceUtil.java:44)
	at org.eclipse.jface.util.SafeRunnable.run(SafeRunnable.java:173)
	at org.eclipse.jface.viewers.StructuredViewer.fireOpen(StructuredViewer.java:847)
	at org.eclipse.jface.viewers.StructuredViewer.handleOpen(StructuredViewer.java:1162)
	at org.eclipse.jface.util.OpenStrategy.fireOpenEvent(OpenStrategy.java:273)
	at org.eclipse.jface.util.OpenStrategy.access$2(OpenStrategy.java:268)
	at org.eclipse.jface.util.OpenStrategy$1.handleEvent(OpenStrategy.java:308)
	at org.eclipse.swt.widgets.EventTable.sendEvent(EventTable.java:86)
	at org.eclipse.swt.widgets.Display.sendEvent(Display.java:5686)
	at org.eclipse.swt.widgets.Widget.sendEvent(Widget.java:1370)
	at org.eclipse.swt.widgets.Display.runDeferredEvents(Display.java:4940)
	at org.eclipse.swt.widgets.Display.readAndDispatch(Display.java:4518)
	at org.eclipse.e4.ui.internal.workbench.swt.PartRenderingEngine$5.run(PartRenderingEngine.java:1170)
	at org.eclipse.core.databinding.observable.Realm.runWithDefault(Realm.java:336)
	at org.eclipse.e4.ui.internal.workbench.swt.PartRenderingEngine.run(PartRenderingEngine.java:1059)
	at org.eclipse.e4.ui.internal.workbench.E4Workbench.createAndRunUI(E4Workbench.java:153)
	at org.eclipse.ui.internal.Workbench.lambda$3(Workbench.java:683)
	at org.eclipse.core.databinding.observable.Realm.runWithDefault(Realm.java:336)
	at org.eclipse.ui.internal.Workbench.createAndRunWorkbench(Workbench.java:597)
	at org.eclipse.ui.PlatformUI.createAndRunWorkbench(PlatformUI.java:148)
	at org.eclipse.ui.internal.ide.application.IDEApplication.start(IDEApplication.java:152)
	at org.eclipse.equinox.internal.app.EclipseAppHandle.run(EclipseAppHandle.java:196)
	at org.eclipse.core.runtime.internal.adaptor.EclipseAppLauncher.runApplication(EclipseAppLauncher.java:134)
	at org.eclipse.core.runtime.internal.adaptor.EclipseAppLauncher.start(EclipseAppLauncher.java:104)
	at org.eclipse.core.runtime.adaptor.EclipseStarter.run(EclipseStarter.java:388)
	at org.eclipse.core.runtime.adaptor.EclipseStarter.run(EclipseStarter.java:243)
	at java.base/jdk.internal.reflect.NativeMethodAccessorImpl.invoke0(Native Method)
	at java.base/jdk.internal.reflect.NativeMethodAccessorImpl.invoke(NativeMethodAccessorImpl.java:62)
	at java.base/jdk.internal.reflect.DelegatingMethodAccessorImpl.invoke(DelegatingMethodAccessorImpl.java:43)
	at java.base/java.lang.reflect.Method.invoke(Method.java:566)
	at org.eclipse.equinox.launcher.Main.invokeFramework(Main.java:656)
	at org.eclipse.equinox.launcher.Main.basicRun(Main.java:592)
	at org.eclipse.equinox.launcher.Main.run(Main.java:1498)
	at org.eclipse.equinox.launcher.Main.main(Main.java:1471)

