mars 11, 2022 2:16:42 PM org.eclipse.birt.chart.device.swt.SwtDisplayServer <init>
INFOS: SWT Display Server: gtk v4 880
mars 11, 2022 2:16:42 PM org.eclipse.birt.chart.device.swt.SwtDisplayServer <init>
INFOS: SWT Display Server: gtk v4 880
mars 11, 2022 2:16:42 PM org.eclipse.birt.chart.device.swt.SwtDisplayServer <init>
INFOS: SWT Display Server: gtk v4 880
mars 11, 2022 2:16:42 PM org.eclipse.birt.chart.device.swt.SwtDisplayServer <init>
INFOS: SWT Display Server: gtk v4 880
mars 11, 2022 2:16:42 PM org.eclipse.birt.chart.device.swt.R31Enhance <clinit>
INFOS: Advanced SWT graphics functions enabled.
mars 11, 2022 2:16:42 PM org.eclipse.birt.chart.device.swt.SwtRendererImpl setProperty
INFOS: Using graphics context org.eclipse.swt.graphics.GC@GC {139887727216064}
mars 11, 2022 2:16:43 PM org.eclipse.birt.chart.render.EmptyWithoutAxes renderSeries
INFOS: org.eclipse.birt.chart.render.EmptyWithoutAxes: renderSeries() [1/2]
mars 11, 2022 2:16:43 PM org.eclipse.birt.chart.extension.render.Pie renderSeries
INFOS: {0}: renderSeries() [{1}/{2}]org.eclipse.birt.chart.extension.render.Pie22
mars 11, 2022 2:16:43 PM org.eclipse.birt.chart.device.swt.SwtRendererImpl enableInteraction
INFOS: Cannot enable interaction if an IUpdateNotifier is not associated with the renderer.
mars 11, 2022 2:16:43 PM org.eclipse.birt.chart.device.swt.SwtRendererImpl enableInteraction
INFOS: Cannot enable interaction if an IUpdateNotifier is not associated with the renderer.
mars 11, 2022 2:16:43 PM org.eclipse.birt.chart.device.swt.SwtRendererImpl enableInteraction
INFOS: Cannot enable interaction if an IUpdateNotifier is not associated with the renderer.
mars 11, 2022 2:16:43 PM org.eclipse.birt.chart.device.swt.SwtRendererImpl enableInteraction
INFOS: Cannot enable interaction if an IUpdateNotifier is not associated with the renderer.
mars 11, 2022 2:16:43 PM org.eclipse.birt.chart.device.swt.SwtRendererImpl enableInteraction
INFOS: Cannot enable interaction if an IUpdateNotifier is not associated with the renderer.
mars 11, 2022 2:16:43 PM org.eclipse.birt.chart.device.swt.SwtRendererImpl setProperty
INFOS: Using graphics context org.eclipse.swt.graphics.GC@GC {139887728437328}
mars 11, 2022 2:16:43 PM org.eclipse.birt.chart.render.EmptyWithoutAxes renderSeries
INFOS: org.eclipse.birt.chart.render.EmptyWithoutAxes: renderSeries() [1/2]
mars 11, 2022 2:16:43 PM org.eclipse.birt.chart.extension.render.Pie renderSeries
INFOS: {0}: renderSeries() [{1}/{2}]org.eclipse.birt.chart.extension.render.Pie22
mars 11, 2022 2:16:43 PM org.eclipse.birt.chart.device.swt.SwtRendererImpl enableInteraction
INFOS: Cannot enable interaction if an IUpdateNotifier is not associated with the renderer.
mars 11, 2022 2:16:43 PM org.eclipse.birt.chart.device.swt.SwtRendererImpl enableInteraction
INFOS: Cannot enable interaction if an IUpdateNotifier is not associated with the renderer.
mars 11, 2022 2:16:43 PM org.eclipse.birt.chart.device.swt.SwtRendererImpl enableInteraction
INFOS: Cannot enable interaction if an IUpdateNotifier is not associated with the renderer.
mars 11, 2022 2:16:43 PM org.eclipse.birt.chart.device.swt.SwtRendererImpl enableInteraction
INFOS: Cannot enable interaction if an IUpdateNotifier is not associated with the renderer.
mars 11, 2022 2:16:43 PM org.eclipse.birt.chart.device.swt.SwtRendererImpl enableInteraction
INFOS: Cannot enable interaction if an IUpdateNotifier is not associated with the renderer.
mars 11, 2022 2:16:43 PM org.eclipse.birt.chart.device.swt.SwtRendererImpl setProperty
INFOS: Using graphics context org.eclipse.swt.graphics.GC@GC {139887731517248}
mars 11, 2022 2:16:43 PM org.eclipse.birt.chart.render.EmptyWithoutAxes renderSeries
INFOS: org.eclipse.birt.chart.render.EmptyWithoutAxes: renderSeries() [1/2]
mars 11, 2022 2:16:43 PM org.eclipse.birt.chart.extension.render.Pie renderSeries
INFOS: {0}: renderSeries() [{1}/{2}]org.eclipse.birt.chart.extension.render.Pie22
mars 11, 2022 2:16:43 PM org.eclipse.birt.chart.device.swt.SwtRendererImpl enableInteraction
INFOS: Cannot enable interaction if an IUpdateNotifier is not associated with the renderer.
mars 11, 2022 2:16:43 PM org.eclipse.birt.chart.device.swt.SwtRendererImpl enableInteraction
INFOS: Cannot enable interaction if an IUpdateNotifier is not associated with the renderer.
mars 11, 2022 2:16:43 PM org.eclipse.birt.chart.device.swt.SwtRendererImpl enableInteraction
INFOS: Cannot enable interaction if an IUpdateNotifier is not associated with the renderer.
mars 11, 2022 2:16:43 PM org.eclipse.birt.chart.device.swt.SwtRendererImpl enableInteraction
INFOS: Cannot enable interaction if an IUpdateNotifier is not associated with the renderer.
mars 11, 2022 2:16:43 PM org.eclipse.birt.chart.device.swt.SwtRendererImpl enableInteraction
INFOS: Cannot enable interaction if an IUpdateNotifier is not associated with the renderer.
mars 11, 2022 2:16:43 PM org.eclipse.birt.chart.device.swt.SwtRendererImpl enableInteraction
INFOS: Cannot enable interaction if an IUpdateNotifier is not associated with the renderer.
mars 11, 2022 2:16:43 PM org.eclipse.birt.chart.device.swt.SwtRendererImpl enableInteraction
INFOS: Cannot enable interaction if an IUpdateNotifier is not associated with the renderer.
mars 11, 2022 2:16:43 PM org.eclipse.birt.chart.device.swt.SwtRendererImpl enableInteraction
INFOS: Cannot enable interaction if an IUpdateNotifier is not associated with the renderer.
mars 11, 2022 2:16:43 PM org.eclipse.birt.chart.device.swt.SwtRendererImpl enableInteraction
INFOS: Cannot enable interaction if an IUpdateNotifier is not associated with the renderer.
mars 11, 2022 2:16:43 PM org.eclipse.birt.chart.device.swt.SwtRendererImpl enableInteraction
INFOS: Cannot enable interaction if an IUpdateNotifier is not associated with the renderer.
mars 11, 2022 2:16:43 PM org.eclipse.birt.chart.device.swt.SwtRendererImpl setProperty
INFOS: Using graphics context org.eclipse.swt.graphics.GC@GC {139887727216064}
mars 11, 2022 2:16:43 PM org.eclipse.birt.chart.render.EmptyWithoutAxes renderSeries
INFOS: org.eclipse.birt.chart.render.EmptyWithoutAxes: renderSeries() [1/2]
mars 11, 2022 2:16:43 PM org.eclipse.birt.chart.extension.render.Pie renderSeries
INFOS: {0}: renderSeries() [{1}/{2}]org.eclipse.birt.chart.extension.render.Pie22
mars 11, 2022 2:16:43 PM org.eclipse.birt.chart.device.swt.SwtRendererImpl enableInteraction
INFOS: Cannot enable interaction if an IUpdateNotifier is not associated with the renderer.
mars 11, 2022 2:16:43 PM org.eclipse.birt.chart.device.swt.SwtRendererImpl enableInteraction
INFOS: Cannot enable interaction if an IUpdateNotifier is not associated with the renderer.
mars 11, 2022 2:16:43 PM org.eclipse.birt.chart.device.swt.SwtRendererImpl enableInteraction
INFOS: Cannot enable interaction if an IUpdateNotifier is not associated with the renderer.
mars 11, 2022 2:16:43 PM org.eclipse.birt.chart.device.swt.SwtRendererImpl enableInteraction
INFOS: Cannot enable interaction if an IUpdateNotifier is not associated with the renderer.
mars 11, 2022 2:16:43 PM org.eclipse.birt.chart.device.swt.SwtRendererImpl enableInteraction
INFOS: Cannot enable interaction if an IUpdateNotifier is not associated with the renderer.
mars 11, 2022 2:16:43 PM org.eclipse.birt.chart.device.swt.SwtRendererImpl setProperty
INFOS: Using graphics context org.eclipse.swt.graphics.GC@GC {139887728437328}
mars 11, 2022 2:16:43 PM org.eclipse.birt.chart.render.EmptyWithoutAxes renderSeries
INFOS: org.eclipse.birt.chart.render.EmptyWithoutAxes: renderSeries() [1/2]
mars 11, 2022 2:16:43 PM org.eclipse.birt.chart.extension.render.Pie renderSeries
INFOS: {0}: renderSeries() [{1}/{2}]org.eclipse.birt.chart.extension.render.Pie22
mars 11, 2022 2:16:43 PM org.eclipse.birt.chart.device.swt.SwtRendererImpl enableInteraction
INFOS: Cannot enable interaction if an IUpdateNotifier is not associated with the renderer.
mars 11, 2022 2:16:43 PM org.eclipse.birt.chart.device.swt.SwtRendererImpl enableInteraction
INFOS: Cannot enable interaction if an IUpdateNotifier is not associated with the renderer.
mars 11, 2022 2:16:43 PM org.eclipse.birt.chart.device.swt.SwtRendererImpl enableInteraction
INFOS: Cannot enable interaction if an IUpdateNotifier is not associated with the renderer.
mars 11, 2022 2:16:43 PM org.eclipse.birt.chart.device.swt.SwtRendererImpl enableInteraction
INFOS: Cannot enable interaction if an IUpdateNotifier is not associated with the renderer.
mars 11, 2022 2:16:43 PM org.eclipse.birt.chart.device.swt.SwtRendererImpl enableInteraction
INFOS: Cannot enable interaction if an IUpdateNotifier is not associated with the renderer.
mars 11, 2022 2:16:43 PM org.eclipse.birt.chart.device.swt.SwtRendererImpl setProperty
INFOS: Using graphics context org.eclipse.swt.graphics.GC@GC {139887731517248}
mars 11, 2022 2:16:43 PM org.eclipse.birt.chart.render.EmptyWithoutAxes renderSeries
INFOS: org.eclipse.birt.chart.render.EmptyWithoutAxes: renderSeries() [1/2]
mars 11, 2022 2:16:43 PM org.eclipse.birt.chart.extension.render.Pie renderSeries
INFOS: {0}: renderSeries() [{1}/{2}]org.eclipse.birt.chart.extension.render.Pie22
mars 11, 2022 2:16:43 PM org.eclipse.birt.chart.device.swt.SwtRendererImpl enableInteraction
INFOS: Cannot enable interaction if an IUpdateNotifier is not associated with the renderer.
mars 11, 2022 2:16:43 PM org.eclipse.birt.chart.device.swt.SwtRendererImpl enableInteraction
INFOS: Cannot enable interaction if an IUpdateNotifier is not associated with the renderer.
mars 11, 2022 2:16:43 PM org.eclipse.birt.chart.device.swt.SwtRendererImpl enableInteraction
INFOS: Cannot enable interaction if an IUpdateNotifier is not associated with the renderer.
mars 11, 2022 2:16:43 PM org.eclipse.birt.chart.device.swt.SwtRendererImpl enableInteraction
INFOS: Cannot enable interaction if an IUpdateNotifier is not associated with the renderer.
mars 11, 2022 2:16:43 PM org.eclipse.birt.chart.device.swt.SwtRendererImpl enableInteraction
INFOS: Cannot enable interaction if an IUpdateNotifier is not associated with the renderer.
mars 11, 2022 2:16:43 PM org.eclipse.birt.chart.device.swt.SwtRendererImpl enableInteraction
INFOS: Cannot enable interaction if an IUpdateNotifier is not associated with the renderer.
mars 11, 2022 2:16:43 PM org.eclipse.birt.chart.device.swt.SwtRendererImpl enableInteraction
INFOS: Cannot enable interaction if an IUpdateNotifier is not associated with the renderer.
mars 11, 2022 2:16:43 PM org.eclipse.birt.chart.device.swt.SwtRendererImpl enableInteraction
INFOS: Cannot enable interaction if an IUpdateNotifier is not associated with the renderer.
mars 11, 2022 2:16:43 PM org.eclipse.birt.chart.device.swt.SwtRendererImpl enableInteraction
INFOS: Cannot enable interaction if an IUpdateNotifier is not associated with the renderer.
mars 11, 2022 2:16:43 PM org.eclipse.birt.chart.device.swt.SwtRendererImpl enableInteraction
INFOS: Cannot enable interaction if an IUpdateNotifier is not associated with the renderer.
mars 11, 2022 2:17:09 PM org.eclipse.birt.chart.device.swing.SwingDisplayServer <init>
INFOS: SWING Display Server: Ubuntu v11.0.13
mars 11, 2022 2:17:09 PM org.eclipse.birt.chart.device.swing.SwingRendererImpl prepareGraphicsContext
INFOS: Using graphics context org.eclipse.birt.chart.device.svg.SVGGraphics2D[font=null,color=null]
mars 11, 2022 2:17:09 PM org.eclipse.birt.chart.render.EmptyWithoutAxes renderSeries
INFOS: org.eclipse.birt.chart.render.EmptyWithoutAxes: renderSeries() [1/2]
mars 11, 2022 2:17:09 PM org.eclipse.birt.chart.extension.render.Pie renderSeries
INFOS: {0}: renderSeries() [{1}/{2}]org.eclipse.birt.chart.extension.render.Pie22
mars 11, 2022 2:17:09 PM org.eclipse.birt.chart.device.swing.SwingDisplayServer <init>
INFOS: SWING Display Server: Ubuntu v11.0.13
mars 11, 2022 2:17:09 PM org.eclipse.birt.chart.device.swing.SwingRendererImpl prepareGraphicsContext
INFOS: Using graphics context org.eclipse.birt.chart.device.svg.SVGGraphics2D[font=null,color=null]
mars 11, 2022 2:17:09 PM org.eclipse.birt.chart.render.EmptyWithoutAxes renderSeries
INFOS: org.eclipse.birt.chart.render.EmptyWithoutAxes: renderSeries() [1/2]
mars 11, 2022 2:17:09 PM org.eclipse.birt.chart.extension.render.Pie renderSeries
INFOS: {0}: renderSeries() [{1}/{2}]org.eclipse.birt.chart.extension.render.Pie22
mars 11, 2022 2:17:19 PM org.eclipse.birt.chart.device.swing.SwingDisplayServer <init>
INFOS: SWING Display Server: Ubuntu v11.0.13
mars 11, 2022 2:17:19 PM org.eclipse.birt.chart.device.swing.SwingRendererImpl prepareGraphicsContext
INFOS: Using graphics context org.eclipse.birt.chart.device.svg.SVGGraphics2D[font=null,color=null]
mars 11, 2022 2:17:19 PM org.eclipse.birt.chart.render.EmptyWithoutAxes renderSeries
INFOS: org.eclipse.birt.chart.render.EmptyWithoutAxes: renderSeries() [1/2]
mars 11, 2022 2:17:19 PM org.eclipse.birt.chart.extension.render.Pie renderSeries
INFOS: {0}: renderSeries() [{1}/{2}]org.eclipse.birt.chart.extension.render.Pie22
mars 11, 2022 2:17:25 PM org.eclipse.birt.chart.device.swing.SwingDisplayServer <init>
INFOS: SWING Display Server: Ubuntu v11.0.13
mars 11, 2022 2:17:25 PM org.eclipse.birt.chart.device.swing.SwingRendererImpl prepareGraphicsContext
INFOS: Using graphics context org.eclipse.birt.chart.device.svg.SVGGraphics2D[font=null,color=null]
mars 11, 2022 2:17:25 PM org.eclipse.birt.chart.render.EmptyWithoutAxes renderSeries
INFOS: org.eclipse.birt.chart.render.EmptyWithoutAxes: renderSeries() [1/2]
mars 11, 2022 2:17:25 PM org.eclipse.birt.chart.extension.render.Pie renderSeries
INFOS: {0}: renderSeries() [{1}/{2}]org.eclipse.birt.chart.extension.render.Pie22
mars 11, 2022 2:17:25 PM org.eclipse.birt.chart.device.swing.SwingDisplayServer <init>
INFOS: SWING Display Server: Ubuntu v11.0.13
mars 11, 2022 2:17:25 PM org.eclipse.birt.chart.device.swing.SwingRendererImpl prepareGraphicsContext
INFOS: Using graphics context org.eclipse.birt.chart.device.svg.SVGGraphics2D[font=null,color=null]
mars 11, 2022 2:17:25 PM org.eclipse.birt.chart.render.EmptyWithoutAxes renderSeries
INFOS: org.eclipse.birt.chart.render.EmptyWithoutAxes: renderSeries() [1/2]
mars 11, 2022 2:17:25 PM org.eclipse.birt.chart.extension.render.Pie renderSeries
INFOS: {0}: renderSeries() [{1}/{2}]org.eclipse.birt.chart.extension.render.Pie22
mars 11, 2022 2:17:28 PM org.eclipse.birt.chart.device.swing.SwingDisplayServer <init>
INFOS: SWING Display Server: Ubuntu v11.0.13
mars 11, 2022 2:17:28 PM org.eclipse.birt.chart.device.swing.SwingRendererImpl prepareGraphicsContext
INFOS: Using graphics context org.eclipse.birt.chart.device.svg.SVGGraphics2D[font=null,color=null]
mars 11, 2022 2:17:28 PM org.eclipse.birt.chart.render.EmptyWithoutAxes renderSeries
INFOS: org.eclipse.birt.chart.render.EmptyWithoutAxes: renderSeries() [1/2]
mars 11, 2022 2:17:28 PM org.eclipse.birt.chart.extension.render.Pie renderSeries
INFOS: {0}: renderSeries() [{1}/{2}]org.eclipse.birt.chart.extension.render.Pie22
mars 11, 2022 2:17:32 PM org.eclipse.birt.chart.device.swing.SwingDisplayServer <init>
INFOS: SWING Display Server: Ubuntu v11.0.13
mars 11, 2022 2:17:32 PM org.eclipse.birt.chart.device.swing.SwingRendererImpl prepareGraphicsContext
INFOS: Using graphics context org.eclipse.birt.chart.device.svg.SVGGraphics2D[font=null,color=null]
mars 11, 2022 2:17:32 PM org.eclipse.birt.chart.render.EmptyWithoutAxes renderSeries
INFOS: org.eclipse.birt.chart.render.EmptyWithoutAxes: renderSeries() [1/2]
mars 11, 2022 2:17:32 PM org.eclipse.birt.chart.extension.render.Pie renderSeries
INFOS: {0}: renderSeries() [{1}/{2}]org.eclipse.birt.chart.extension.render.Pie22
mars 11, 2022 2:17:32 PM org.eclipse.birt.chart.device.swing.SwingDisplayServer <init>
INFOS: SWING Display Server: Ubuntu v11.0.13
mars 11, 2022 2:17:32 PM org.eclipse.birt.chart.device.swing.SwingRendererImpl prepareGraphicsContext
INFOS: Using graphics context org.eclipse.birt.chart.device.svg.SVGGraphics2D[font=null,color=null]
mars 11, 2022 2:17:32 PM org.eclipse.birt.chart.render.EmptyWithoutAxes renderSeries
INFOS: org.eclipse.birt.chart.render.EmptyWithoutAxes: renderSeries() [1/2]
mars 11, 2022 2:17:32 PM org.eclipse.birt.chart.extension.render.Pie renderSeries
INFOS: {0}: renderSeries() [{1}/{2}]org.eclipse.birt.chart.extension.render.Pie22
